1 133.759 0
2 128.556 5.20388
3 125.333 4.40561
4 125.661 3.1324
5 123.724 3.10434
6 123.093 2.61201
7 123.791 2.3151
8 124.553 2.14497
9 124.851 1.91505
10 124.417 1.76718
11 123.685 1.75792
12 124.108 1.65954
13 124.286 1.53689
14 124.284 1.42288
15 124.561 1.3532
16 124.44 1.2716
17 124.233 1.21225
18 124.169 1.14472
19 124.058 1.08839
20 123.965 1.03672
21 124.105 0.995967
22 124.125 0.949818
23 123.987 0.917901
24 124.092 0.885042
25 124.507 0.945056
26 124.331 0.924917
27 124.443 0.896969
28 124.502 0.866371
29 124.47 0.836578
30 124.335 0.819372
31 124.293 0.7936
32 124.342 0.769929
33 124.273 0.749436
34 124.111 0.744781
35 124.151 0.724311
36 124.211 0.706382
37 124.121 0.692784
38 124.098 0.674701
39 124.282 0.68244
40 124.301 0.665419
41 124.271 0.649667
42 124.153 0.645004
43 124.208 0.632266
44 124.351 0.63412
45 124.277 0.624332
46 124.327 0.612692
47 124.267 0.6025
48 124.157 0.600029
49 124.207 0.589744
50 124.382 0.603754
51 124.377 0.591816
52 124.294 0.586258
53 124.321 0.575737
54 124.3 0.565374
55 124.338 0.556335
56 124.351 0.546455
57 124.452 0.546222
58 124.321 0.552424
59 124.224 0.551566
60 124.266 0.543887
61 124.201 0.538825
62 124.255 0.532818
63 124.306 0.526768
64 124.419 0.530608
65 124.304 0.534879
66 124.24 0.530523
67 124.271 0.523429
68 124.411 0.53436
69 124.267 0.545817
70 124.305 0.53928
71 124.366 0.535098
72 124.362 0.527627
73 124.302 0.523775
74 124.348 0.518712
75 124.394 0.513803
76 124.337 0.510171
77 124.376 0.504988
78 124.382 0.498501
79 124.354 0.492946
80 124.335 0.487115
81 124.293 0.482893
82 124.311 0.477304
83 124.269 0.473382
84 124.37 0.478511
85 124.358 0.472993
86 124.321 0.468957
87 124.279 0.465368
88 124.294 0.460275
89 124.316 0.455601
90 124.309 0.450558
91 124.305 0.445596
92 124.342 0.442282
93 124.282 0.44164
94 124.225 0.440596
95 124.285 0.439989
96 124.285 0.435382
97 124.308 0.431467
98 124.401 0.437127
99 124.351 0.435565
100 124.286 0.436109
