1 2.77012e-21 0
2 2.66235e-21 1.07771e-22
3 2.59562e-21 9.12391e-23
4 2.6024e-21 6.48712e-23
5 2.5623e-21 6.429e-23
6 2.54923e-21 5.40939e-23
7 2.56368e-21 4.79451e-23
8 2.57946e-21 4.44218e-23
9 2.58564e-21 3.96601e-23
10 2.57664e-21 3.65978e-23
11 2.56149e-21 3.6406e-23
12 2.57024e-21 3.43687e-23
13 2.57393e-21 3.18286e-23
14 2.5739e-21 2.94676e-23
15 2.57962e-21 2.80243e-23
16 2.57711e-21 2.63344e-23
17 2.57283e-21 2.51053e-23
18 2.5715e-21 2.37068e-23
19 2.56921e-21 2.25403e-23
20 2.56729e-21 2.14701e-23
21 2.57018e-21 2.06262e-23
22 2.57059e-21 1.96705e-23
23 2.56774e-21 1.90095e-23
24 2.56991e-21 1.8329e-23
25 2.57851e-21 1.95718e-23
26 2.57486e-21 1.91548e-23
27 2.57718e-21 1.8576e-23
28 2.5784e-21 1.79423e-23
29 2.57774e-21 1.73253e-23
30 2.57495e-21 1.6969e-23
31 2.57408e-21 1.64352e-23
32 2.57509e-21 1.5945e-23
33 2.57365e-21 1.55206e-23
34 2.57031e-21 1.54242e-23
35 2.57114e-21 1.50003e-23
36 2.57237e-21 1.4629e-23
37 2.57052e-21 1.43474e-23
38 2.57004e-21 1.39729e-23
39 2.57385e-21 1.41332e-23
40 2.57424e-21 1.37806e-23
41 2.57362e-21 1.34544e-23
42 2.57117e-21 1.33579e-23
43 2.57231e-21 1.30941e-23
44 2.57528e-21 1.31324e-23
45 2.57374e-21 1.29297e-23
46 2.57478e-21 1.26887e-23
47 2.57354e-21 1.24776e-23
48 2.57126e-21 1.24264e-23
49 2.57229e-21 1.22134e-23
50 2.57591e-21 1.25036e-23
51 2.57581e-21 1.22563e-23
52 2.57409e-21 1.21413e-23
53 2.57466e-21 1.19234e-23
54 2.57422e-21 1.17088e-23
55 2.57501e-21 1.15216e-23
56 2.57527e-21 1.13169e-23
57 2.57737e-21 1.13121e-23
58 2.57466e-21 1.14406e-23
59 2.57265e-21 1.14228e-23
60 2.57351e-21 1.12638e-23
61 2.57217e-21 1.11589e-23
62 2.57329e-21 1.10345e-23
63 2.57434e-21 1.09092e-23
64 2.57668e-21 1.09887e-23
65 2.5743e-21 1.10772e-23
66 2.57299e-21 1.0987e-23
67 2.57362e-21 1.08401e-23
68 2.57652e-21 1.10664e-23
69 2.57354e-21 1.13037e-23
70 2.57432e-21 1.11683e-23
71 2.57558e-21 1.10817e-23
72 2.5755e-21 1.0927e-23
73 2.57426e-21 1.08472e-23
74 2.57522e-21 1.07424e-23
75 2.57617e-21 1.06407e-23
76 2.57499e-21 1.05655e-23
77 2.5758e-21 1.04582e-23
78 2.57591e-21 1.03238e-23
79 2.57533e-21 1.02088e-23
80 2.57494e-21 1.0088e-23
81 2.57407e-21 1.00006e-23
82 2.57444e-21 9.88483e-24
83 2.57357e-21 9.80361e-24
84 2.57566e-21 9.90983e-24
85 2.57542e-21 9.79556e-24
86 2.57464e-21 9.71198e-24
87 2.57379e-21 9.63765e-24
88 2.57409e-21 9.53218e-24
89 2.57454e-21 9.43538e-24
90 2.57441e-21 9.33094e-24
91 2.57433e-21 9.22818e-24
92 2.57509e-21 9.15953e-24
93 2.57385e-21 9.14624e-24
94 2.57267e-21 9.12463e-24
95 2.5739e-21 9.11206e-24
96 2.57391e-21 9.01665e-24
97 2.57438e-21 8.93557e-24
98 2.57631e-21 9.05278e-24
99 2.57527e-21 9.02043e-24
100 2.57392e-21 9.03171e-24
