1 3.77984e+08 0
2 3.69517e+08 8.46667e+06
3 3.63606e+08 7.67063e+06
4 3.59857e+08 6.5932e+06
5 3.63547e+08 6.30066e+06
6 3.6419e+08 5.1845e+06
7 3.64025e+08 4.38481e+06
8 3.63483e+08 3.83582e+06
9 3.62065e+08 3.6682e+06
10 3.62251e+08 3.28621e+06
11 3.63352e+08 3.16973e+06
12 3.62703e+08 2.96534e+06
13 3.63208e+08 2.77411e+06
14 3.64093e+08 2.71631e+06
15 3.63608e+08 2.57484e+06
16 3.63485e+08 2.41166e+06
17 3.63599e+08 2.26821e+06
18 3.62336e+08 2.48355e+06
19 3.60974e+08 2.71556e+06
20 3.61194e+08 2.5856e+06
21 3.61266e+08 2.46045e+06
22 3.61175e+08 2.34771e+06
23 3.60562e+08 2.32565e+06
24 3.59553e+08 2.44443e+06
25 3.58815e+08 2.45819e+06
26 3.59146e+08 2.38491e+06
27 3.586e+08 2.35897e+06
28 3.58423e+08 2.28004e+06
29 3.59148e+08 2.31653e+06
30 3.59684e+08 2.30106e+06
31 3.60419e+08 2.34404e+06
32 3.60765e+08 2.29572e+06
33 3.60893e+08 2.22876e+06
34 3.60767e+08 2.16588e+06
35 3.59803e+08 2.31338e+06
36 3.59012e+08 2.38333e+06
37 3.59267e+08 2.33203e+06
38 3.5962e+08 2.29714e+06
39 3.59821e+08 2.24643e+06
40 3.59702e+08 2.19276e+06
41 3.59633e+08 2.13974e+06
42 3.59945e+08 2.11137e+06
43 3.59517e+08 2.1056e+06
44 3.59011e+08 2.11872e+06
45 3.58969e+08 2.07152e+06
46 3.58921e+08 2.02656e+06
47 3.59298e+08 2.0186e+06
48 3.59494e+08 1.98579e+06
49 3.59814e+08 1.971e+06
50 3.59576e+08 1.94588e+06
51 3.5954e+08 1.90768e+06
52 3.59799e+08 1.88841e+06
53 3.59249e+08 1.93227e+06
54 3.59258e+08 1.89617e+06
55 3.59239e+08 1.86147e+06
56 3.59531e+08 1.85117e+06
57 3.59386e+08 1.82422e+06
58 3.59637e+08 1.81002e+06
59 3.597e+08 1.78019e+06
60 3.59673e+08 1.75048e+06
61 3.59632e+08 1.72204e+06
62 3.59318e+08 1.72286e+06
63 3.59372e+08 1.69616e+06
64 3.59508e+08 1.67497e+06
65 3.59884e+08 1.6914e+06
66 3.60076e+08 1.67661e+06
67 3.6029e+08 1.66518e+06
68 3.6019e+08 1.6436e+06
69 3.60585e+08 1.66709e+06
70 3.60453e+08 1.64841e+06
71 3.60279e+08 1.63427e+06
72 3.60271e+08 1.61143e+06
73 3.60281e+08 1.58924e+06
74 3.60361e+08 1.56962e+06
75 3.60272e+08 1.55109e+06
76 3.60461e+08 1.54223e+06
77 3.60317e+08 1.5289e+06
78 3.60279e+08 1.50965e+06
79 3.60403e+08 1.49562e+06
80 3.60637e+08 1.49511e+06
81 3.60546e+08 1.47932e+06
82 3.60032e+08 1.54883e+06
83 3.59568e+08 1.59902e+06
84 3.59226e+08 1.61646e+06
85 3.59179e+08 1.59801e+06
86 3.59024e+08 1.5869e+06
87 3.5908e+08 1.56956e+06
88 3.58931e+08 1.55876e+06
89 3.58871e+08 1.54231e+06
90 3.5874e+08 1.53067e+06
91 3.58778e+08 1.51422e+06
92 3.58911e+08 1.50358e+06
93 3.59001e+08 1.49007e+06
94 3.58928e+08 1.47596e+06
95 3.58699e+08 1.4781e+06
96 3.58374e+08 1.49838e+06
97 3.58175e+08 1.49612e+06
98 3.58122e+08 1.48172e+06
99 3.58325e+08 1.48053e+06
100 3.58464e+08 1.47227e+06
