1 -1.54154e-20 0
2 -1.53059e-20 1.09509e-22
3 -1.52365e-20 9.38778e-23
4 -1.52439e-20 6.6787e-23
5 -1.52027e-20 6.61181e-23
6 -1.51897e-20 5.55223e-23
7 -1.52042e-20 4.91209e-23
8 -1.52204e-20 4.54932e-23
9 -1.52257e-20 4.04794e-23
10 -1.52156e-20 3.7587e-23
11 -1.52005e-20 3.72067e-23
12 -1.52095e-20 3.51348e-23
13 -1.52139e-20 3.26107e-23
14 -1.52137e-20 3.01919e-23
15 -1.52193e-20 2.86548e-23
16 -1.52168e-20 2.69249e-23
17 -1.52126e-20 2.56321e-23
18 -1.52111e-20 2.42113e-23
19 -1.52087e-20 2.3033e-23
20 -1.52067e-20 2.19391e-23
21 -1.52096e-20 2.10743e-23
22 -1.52104e-20 2.01086e-23
23 -1.52077e-20 1.94044e-23
24 -1.52103e-20 1.87581e-23
25 -1.52191e-20 2.00413e-23
26 -1.52155e-20 1.95883e-23
27 -1.52178e-20 1.89826e-23
28 -1.52191e-20 1.83414e-23
29 -1.52182e-20 1.77202e-23
30 -1.52155e-20 1.73399e-23
31 -1.52146e-20 1.67965e-23
32 -1.52158e-20 1.63097e-23
33 -1.52142e-20 1.58879e-23
34 -1.52109e-20 1.57551e-23
35 -1.52119e-20 1.53276e-23
36 -1.52133e-20 1.49596e-23
37 -1.52114e-20 1.46666e-23
38 -1.52112e-20 1.42766e-23
39 -1.52151e-20 1.44278e-23
40 -1.52155e-20 1.40705e-23
41 -1.5215e-20 1.37335e-23
42 -1.52124e-20 1.3644e-23
43 -1.52136e-20 1.33759e-23
44 -1.52167e-20 1.3413e-23
45 -1.52152e-20 1.31978e-23
46 -1.52163e-20 1.29553e-23
47 -1.52151e-20 1.27331e-23
48 -1.52129e-20 1.26542e-23
49 -1.52138e-20 1.24298e-23
50 -1.52178e-20 1.27932e-23
51 -1.52177e-20 1.25403e-23
52 -1.52159e-20 1.2423e-23
53 -1.52166e-20 1.22091e-23
54 -1.52163e-20 1.19851e-23
55 -1.52172e-20 1.18019e-23
56 -1.52177e-20 1.1598e-23
57 -1.52199e-20 1.15979e-23
58 -1.52171e-20 1.17261e-23
59 -1.52151e-20 1.17014e-23
60 -1.5216e-20 1.15398e-23
61 -1.52147e-20 1.14239e-23
62 -1.52159e-20 1.13081e-23
63 -1.52171e-20 1.11895e-23
64 -1.52195e-20 1.12613e-23
65 -1.52171e-20 1.13428e-23
66 -1.52157e-20 1.12493e-23
67 -1.52164e-20 1.10979e-23
68 -1.52192e-20 1.1294e-23
69 -1.52162e-20 1.15166e-23
70 -1.52171e-20 1.13821e-23
71 -1.52183e-20 1.12853e-23
72 -1.52182e-20 1.11281e-23
73 -1.52169e-20 1.10464e-23
74 -1.52179e-20 1.09459e-23
75 -1.52189e-20 1.08414e-23
76 -1.52177e-20 1.07623e-23
77 -1.52185e-20 1.06539e-23
78 -1.52186e-20 1.05166e-23
79 -1.5218e-20 1.03998e-23
80 -1.52176e-20 1.02789e-23
81 -1.52168e-20 1.01836e-23
82 -1.5217e-20 1.00625e-23
83 -1.52162e-20 9.97286e-24
84 -1.52184e-20 1.0083e-23
85 -1.52181e-20 9.9668e-24
86 -1.52173e-20 9.88247e-24
87 -1.52166e-20 9.79715e-24
88 -1.52169e-20 9.68976e-24
89 -1.52173e-20 9.58985e-24
90 -1.52171e-20 9.48392e-24
91 -1.52171e-20 9.37954e-24
92 -1.52179e-20 9.31414e-24
93 -1.52166e-20 9.30954e-24
94 -1.52154e-20 9.28162e-24
95 -1.52167e-20 9.268e-24
96 -1.52168e-20 9.17162e-24
97 -1.52174e-20 9.0983e-24
98 -1.52194e-20 9.22283e-24
99 -1.52183e-20 9.18934e-24
100 -1.5217e-20 9.19913e-24
