1 -1.26453e-20 0
2 -1.26436e-20 1.73756e-24
3 -1.26409e-20 2.84657e-24
4 -1.26415e-20 2.09097e-24
5 -1.26404e-20 1.94174e-24
6 -1.26405e-20 1.588e-24
7 -1.26406e-20 1.34443e-24
8 -1.26409e-20 1.21198e-24
9 -1.26401e-20 1.33639e-24
10 -1.2639e-20 1.61881e-24
11 -1.2639e-20 1.46473e-24
12 -1.26393e-20 1.35721e-24
13 -1.26399e-20 1.41472e-24
14 -1.26398e-20 1.31311e-24
15 -1.26397e-20 1.23186e-24
16 -1.26397e-20 1.15285e-24
17 -1.26398e-20 1.08961e-24
18 -1.26396e-20 1.03781e-24
19 -1.26395e-20 9.96944e-25
20 -1.26394e-20 9.46572e-25
21 -1.26395e-20 9.01549e-25
22 -1.26398e-20 9.37208e-25
23 -1.264e-20 9.05501e-25
24 -1.26404e-20 9.6425e-25
25 -1.26406e-20 9.52301e-25
26 -1.26407e-20 9.16361e-25
27 -1.26406e-20 8.83892e-25
28 -1.26407e-20 8.59648e-25
29 -1.26405e-20 8.60703e-25
30 -1.26405e-20 8.32242e-25
31 -1.26405e-20 8.06901e-25
32 -1.26407e-20 8.13633e-25
33 -1.26405e-20 8.04735e-25
34 -1.26406e-20 7.84954e-25
35 -1.26407e-20 7.70205e-25
36 -1.26409e-20 7.64824e-25
37 -1.26409e-20 7.43868e-25
38 -1.26412e-20 7.81508e-25
39 -1.26412e-20 7.62051e-25
40 -1.26413e-20 7.48321e-25
41 -1.26414e-20 7.34116e-25
42 -1.26413e-20 7.2332e-25
43 -1.26413e-20 7.07461e-25
44 -1.26414e-20 6.93327e-25
45 -1.26414e-20 6.78761e-25
46 -1.26415e-20 6.6694e-25
47 -1.26415e-20 6.53994e-25
48 -1.26416e-20 6.48447e-25
49 -1.26416e-20 6.3953e-25
50 -1.26418e-20 6.9169e-25
51 -1.26418e-20 6.78002e-25
52 -1.26418e-20 6.66259e-25
53 -1.2642e-20 6.7772e-25
54 -1.26421e-20 6.75977e-25
55 -1.26422e-20 6.76659e-25
56 -1.26424e-20 6.91386e-25
57 -1.26425e-20 6.83598e-25
58 -1.26424e-20 6.73855e-25
59 -1.26424e-20 6.62466e-25
60 -1.26425e-20 6.52408e-25
61 -1.26425e-20 6.42826e-25
62 -1.26426e-20 6.46535e-25
63 -1.26428e-20 6.48135e-25
64 -1.26428e-20 6.38075e-25
65 -1.26428e-20 6.28382e-25
66 -1.26427e-20 6.19197e-25
67 -1.26427e-20 6.09888e-25
68 -1.26427e-20 6.04954e-25
69 -1.26427e-20 5.9628e-25
70 -1.26427e-20 5.90942e-25
71 -1.26427e-20 5.84945e-25
72 -1.26427e-20 5.78182e-25
73 -1.26426e-20 5.70498e-25
74 -1.26427e-20 5.69251e-25
75 -1.26427e-20 5.61663e-25
76 -1.26427e-20 5.54224e-25
77 -1.26428e-20 5.47603e-25
78 -1.26427e-20 5.42541e-25
79 -1.26427e-20 5.35925e-25
80 -1.26426e-20 5.32347e-25
81 -1.26427e-20 5.28862e-25
82 -1.26426e-20 5.30489e-25
83 -1.26427e-20 5.28301e-25
84 -1.26427e-20 5.24003e-25
85 -1.26427e-20 5.17834e-25
86 -1.26427e-20 5.12275e-25
87 -1.26428e-20 5.16542e-25
88 -1.26428e-20 5.10639e-25
89 -1.26428e-20 5.05492e-25
90 -1.26427e-20 5.0012e-25
91 -1.26427e-20 4.94682e-25
92 -1.26428e-20 4.9332e-25
93 -1.26427e-20 4.95297e-25
94 -1.26427e-20 4.90674e-25
95 -1.26427e-20 4.85713e-25
96 -1.26429e-20 4.92418e-25
97 -1.2643e-20 5.12413e-25
98 -1.26431e-20 5.1062e-25
99 -1.26431e-20 5.05652e-25
100 -1.2643e-20 5.00764e-25
