1 105.726 0
2 109.847 4.12112
3 108.43 2.76929
4 106.215 2.95645
5 106.252 2.29035
6 107.82 2.4406
7 108.2 2.09748
8 108.434 1.83145
9 108.865 1.67163
10 109.803 1.76492
11 110.054 1.61613
12 109.575 1.55122
13 108.848 1.60122
14 108.422 1.54239
15 107.736 1.59144
16 107.562 1.4988
17 107.625 1.40929
18 107.761 1.33565
19 107.731 1.26376
20 107.613 1.2047
21 107.829 1.16615
22 107.753 1.11454
23 107.555 1.0832
24 107.145 1.11499
25 107.316 1.08303
26 107.314 1.04055
27 107.257 1.00289
28 107.434 0.982618
29 107.398 0.948822
30 107.314 0.92047
31 107.059 0.926074
32 107.06 0.896668
33 107.175 0.876691
34 107.183 0.850547
35 107.164 0.826097
36 107.139 0.803208
37 107.298 0.797229
38 107.392 0.781644
39 107.391 0.761339
40 107.241 0.756923
41 107.34 0.744722
42 107.48 0.740247
43 107.493 0.722943
44 107.457 0.707237
45 107.382 0.695396
46 107.291 0.686215
47 107.353 0.674334
48 107.433 0.664976
49 107.378 0.653578
50 107.149 0.680039
51 107.1 0.668403
52 107.135 0.656339
53 107.23 0.650927
54 107.361 0.652
55 107.341 0.640337
56 107.481 0.644138
57 107.502 0.63307
58 107.437 0.625374
59 107.421 0.614907
60 107.356 0.608029
61 107.304 0.600244
62 107.259 0.592202
63 107.292 0.583637
64 107.326 0.575484
65 107.356 0.567367
66 107.449 0.56634
67 107.51 0.561105
68 107.5 0.552872
69 107.445 0.547581
70 107.419 0.540316
71 107.412 0.532704
72 107.445 0.526292
73 107.429 0.519267
74 107.546 0.525425
75 107.627 0.524577
76 107.59 0.518921
77 107.51 0.518325
78 107.4 0.523482
79 107.388 0.516935
80 107.328 0.51394
81 107.286 0.509318
82 107.233 0.505888
83 107.215 0.50009
84 107.151 0.498209
85 107.135 0.492577
86 107.1 0.488041
87 107.047 0.485261
88 107 0.482024
89 106.928 0.482042
90 106.994 0.481249
91 107.034 0.477554
92 107.069 0.47364
93 107.133 0.472865
94 107.293 0.494427
95 107.415 0.504228
96 107.452 0.500346
97 107.472 0.495544
98 107.545 0.495968
99 107.544 0.490935
100 107.58 0.487351
