1 -6.39115e-21 0
2 -6.39174e-21 5.95575e-25
3 -6.39062e-21 1.17454e-24
4 -6.39116e-21 9.93155e-25
5 -6.39179e-21 9.94709e-25
6 -6.39194e-21 8.25613e-25
7 -6.39183e-21 7.06846e-25
8 -6.39188e-21 6.14098e-25
9 -6.3921e-21 5.83983e-25
10 -6.39245e-21 6.31285e-25
11 -6.39225e-21 6.06892e-25
12 -6.39211e-21 5.71794e-25
13 -6.39199e-21 5.39107e-25
14 -6.39196e-21 4.99812e-25
15 -6.39178e-21 4.97701e-25
16 -6.39191e-21 4.81154e-25
17 -6.39179e-21 4.66253e-25
18 -6.39179e-21 4.39591e-25
19 -6.39166e-21 4.34734e-25
20 -6.39171e-21 4.15326e-25
21 -6.39175e-21 3.96889e-25
22 -6.39178e-21 3.79986e-25
23 -6.39167e-21 3.80568e-25
24 -6.39153e-21 3.89215e-25
25 -6.39143e-21 3.87325e-25
26 -6.39124e-21 4.16905e-25
27 -6.39116e-21 4.08743e-25
28 -6.39102e-21 4.17824e-25
29 -6.39098e-21 4.05217e-25
30 -6.39093e-21 3.94888e-25
31 -6.39092e-21 3.82012e-25
32 -6.39082e-21 3.83671e-25
33 -6.39079e-21 3.73218e-25
34 -6.39073e-21 3.66824e-25
35 -6.3907e-21 3.57829e-25
36 -6.39078e-21 3.57154e-25
37 -6.39087e-21 3.59745e-25
38 -6.39101e-21 3.75522e-25
39 -6.391e-21 3.65983e-25
40 -6.39117e-21 3.95463e-25
41 -6.39137e-21 4.38085e-25
42 -6.39143e-21 4.31475e-25
43 -6.39152e-21 4.30822e-25
44 -6.39153e-21 4.2102e-25
45 -6.39154e-21 4.11613e-25
46 -6.39148e-21 4.06868e-25
47 -6.39155e-21 4.03966e-25
48 -6.39169e-21 4.20507e-25
49 -6.39177e-21 4.19979e-25
50 -6.3918e-21 4.12331e-25
51 -6.3919e-21 4.17558e-25
52 -6.39202e-21 4.26888e-25
53 -6.3922e-21 4.5216e-25
54 -6.39226e-21 4.47973e-25
55 -6.39224e-21 4.40299e-25
56 -6.3923e-21 4.37286e-25
57 -6.39225e-21 4.32017e-25
58 -6.39227e-21 4.2495e-25
59 -6.39223e-21 4.19803e-25
60 -6.39228e-21 4.15205e-25
61 -6.39235e-21 4.15737e-25
62 -6.39246e-21 4.22837e-25
63 -6.39258e-21 4.31745e-25
64 -6.39264e-21 4.29195e-25
65 -6.39264e-21 4.22585e-25
66 -6.39266e-21 4.16595e-25
67 -6.39269e-21 4.1111e-25
68 -6.39273e-21 4.07209e-25
69 -6.39278e-21 4.04178e-25
70 -6.39284e-21 4.02556e-25
71 -6.39284e-21 3.96901e-25
72 -6.3929e-21 3.94713e-25
73 -6.39289e-21 3.89396e-25
74 -6.39291e-21 3.84603e-25
75 -6.39284e-21 3.84592e-25
76 -6.39286e-21 3.79749e-25
77 -6.39284e-21 3.7508e-25
78 -6.39286e-21 3.70644e-25
79 -6.39285e-21 3.66005e-25
80 -6.39283e-21 3.62091e-25
81 -6.39279e-21 3.59233e-25
82 -6.39285e-21 3.59826e-25
83 -6.3929e-21 3.58734e-25
84 -6.39292e-21 3.55009e-25
85 -6.39291e-21 3.50966e-25
86 -6.39289e-21 3.47561e-25
87 -6.39281e-21 3.5206e-25
88 -6.39277e-21 3.50898e-25
89 -6.39278e-21 3.47148e-25
90 -6.39283e-21 3.46411e-25
91 -6.39281e-21 3.42798e-25
92 -6.39285e-21 3.40431e-25
93 -6.3929e-21 3.40494e-25
94 -6.39299e-21 3.50897e-25
95 -6.39303e-21 3.48771e-25
96 -6.39305e-21 3.45832e-25
97 -6.3931e-21 3.45775e-25
98 -6.39307e-21 3.43281e-25
99 -6.39306e-21 3.40127e-25
100 -6.39306e-21 3.36711e-25
