1 -8.5807e-21 0
2 -8.66664e-21 8.59429e-23
3 -8.63618e-21 5.82266e-23
4 -8.59085e-21 6.12348e-23
5 -8.59224e-21 4.74526e-23
6 -8.62486e-21 5.06522e-23
7 -8.63263e-21 4.35078e-23
8 -8.63752e-21 3.79947e-23
9 -8.64666e-21 3.4732e-23
10 -8.66643e-21 3.68259e-23
11 -8.67144e-21 3.36841e-23
12 -8.66137e-21 3.23553e-23
13 -8.64621e-21 3.3403e-23
14 -8.63736e-21 3.21654e-23
15 -8.62297e-21 3.32216e-23
16 -8.61949e-21 3.12707e-23
17 -8.62068e-21 2.93978e-23
18 -8.6235e-21 2.78595e-23
19 -8.62274e-21 2.63633e-23
20 -8.62035e-21 2.51246e-23
21 -8.62487e-21 2.4322e-23
22 -8.62331e-21 2.32424e-23
23 -8.6191e-21 2.26045e-23
24 -8.61048e-21 2.32945e-23
25 -8.61392e-21 2.2606e-23
26 -8.61368e-21 2.17205e-23
27 -8.61242e-21 2.09385e-23
28 -8.61596e-21 2.04853e-23
29 -8.61517e-21 1.97821e-23
30 -8.61338e-21 1.91947e-23
31 -8.6081e-21 1.93036e-23
32 -8.60801e-21 1.86908e-23
33 -8.61036e-21 1.82683e-23
34 -8.61046e-21 1.7723e-23
35 -8.61004e-21 1.72143e-23
36 -8.6096e-21 1.6735e-23
37 -8.61299e-21 1.66252e-23
38 -8.61507e-21 1.63154e-23
39 -8.61503e-21 1.58916e-23
40 -8.61211e-21 1.57621e-23
41 -8.61435e-21 1.55351e-23
42 -8.61732e-21 1.54488e-23
43 -8.61768e-21 1.50895e-23
44 -8.61694e-21 1.4761e-23
45 -8.61539e-21 1.45118e-23
46 -8.61344e-21 1.43262e-23
47 -8.6148e-21 1.40836e-23
48 -8.6166e-21 1.39043e-23
49 -8.61555e-21 1.36585e-23
50 -8.61083e-21 1.41882e-23
51 -8.60991e-21 1.39376e-23
52 -8.61075e-21 1.36926e-23
53 -8.61291e-21 1.36036e-23
54 -8.61568e-21 1.36335e-23
55 -8.61525e-21 1.33902e-23
56 -8.61821e-21 1.34778e-23
57 -8.61859e-21 1.32446e-23
58 -8.61727e-21 1.30803e-23
59 -8.61689e-21 1.28624e-23
60 -8.61559e-21 1.27125e-23
61 -8.61459e-21 1.25423e-23
62 -8.61377e-21 1.2366e-23
63 -8.61456e-21 1.21938e-23
64 -8.61533e-21 1.20268e-23
65 -8.61596e-21 1.18572e-23
66 -8.6179e-21 1.18361e-23
67 -8.61918e-21 1.17282e-23
68 -8.61903e-21 1.15554e-23
69 -8.61794e-21 1.14391e-23
70 -8.61746e-21 1.12845e-23
71 -8.61731e-21 1.11254e-23
72 -8.61805e-21 1.09944e-23
73 -8.61772e-21 1.08479e-23
74 -8.62016e-21 1.09762e-23
75 -8.62177e-21 1.09469e-23
76 -8.62102e-21 1.08275e-23
77 -8.61935e-21 1.08155e-23
78 -8.61708e-21 1.09158e-23
79 -8.61684e-21 1.07794e-23
80 -8.61557e-21 1.07186e-23
81 -8.61466e-21 1.06246e-23
82 -8.61362e-21 1.05461e-23
83 -8.61329e-21 1.04235e-23
84 -8.61198e-21 1.03806e-23
85 -8.61164e-21 1.02636e-23
86 -8.6109e-21 1.01703e-23
87 -8.60974e-21 1.01202e-23
88 -8.60871e-21 1.00565e-23
89 -8.60723e-21 1.00534e-23
90 -8.60865e-21 1.0042e-23
91 -8.60945e-21 9.96342e-24
92 -8.61021e-21 9.88365e-24
93 -8.61158e-21 9.87301e-24
94 -8.615e-21 1.03465e-23
95 -8.61756e-21 1.05532e-23
96 -8.61836e-21 1.0473e-23
97 -8.61881e-21 1.03744e-23
98 -8.62031e-21 1.03769e-23
99 -8.62027e-21 1.02716e-23
100 -8.62102e-21 1.01961e-23
