1 2.18955e-21 0
2 2.2749e-21 8.53474e-23
3 2.24556e-21 5.73512e-23
4 2.19968e-21 6.12273e-23
5 2.20044e-21 4.74325e-23
6 2.23292e-21 5.05442e-23
7 2.2408e-21 4.34383e-23
8 2.24564e-21 3.79288e-23
9 2.25456e-21 3.46189e-23
10 2.27398e-21 3.65511e-23
11 2.27919e-21 3.34696e-23
12 2.26927e-21 3.21253e-23
13 2.25422e-21 3.31608e-23
14 2.2454e-21 3.19425e-23
15 2.23119e-21 3.29582e-23
16 2.22758e-21 3.10398e-23
17 2.22889e-21 2.9186e-23
18 2.23171e-21 2.7661e-23
19 2.23108e-21 2.61722e-23
20 2.22864e-21 2.49489e-23
21 2.23312e-21 2.41507e-23
22 2.23153e-21 2.30818e-23
23 2.22743e-21 2.24327e-23
24 2.21895e-21 2.30912e-23
25 2.22249e-21 2.24293e-23
26 2.22244e-21 2.15494e-23
27 2.22126e-21 2.07695e-23
28 2.22494e-21 2.03497e-23
29 2.22419e-21 1.96499e-23
30 2.22245e-21 1.90627e-23
31 2.21717e-21 1.91787e-23
32 2.21718e-21 1.85697e-23
33 2.21957e-21 1.8156e-23
34 2.21972e-21 1.76146e-23
35 2.21934e-21 1.71082e-23
36 2.21882e-21 1.66342e-23
37 2.22212e-21 1.65104e-23
38 2.22407e-21 1.61876e-23
39 2.22403e-21 1.57671e-23
40 2.22094e-21 1.56757e-23
41 2.22297e-21 1.5423e-23
42 2.22589e-21 1.53303e-23
43 2.22615e-21 1.49719e-23
44 2.22541e-21 1.46467e-23
45 2.22386e-21 1.44015e-23
46 2.22196e-21 1.42113e-23
47 2.22325e-21 1.39653e-23
48 2.22491e-21 1.37715e-23
49 2.22377e-21 1.35354e-23
50 2.21903e-21 1.40834e-23
51 2.21801e-21 1.38424e-23
52 2.21873e-21 1.35926e-23
53 2.22071e-21 1.34805e-23
54 2.22342e-21 1.35027e-23
55 2.22301e-21 1.32612e-23
56 2.22591e-21 1.33399e-23
57 2.22633e-21 1.31107e-23
58 2.225e-21 1.29513e-23
59 2.22466e-21 1.27346e-23
60 2.22332e-21 1.25921e-23
61 2.22224e-21 1.24309e-23
62 2.2213e-21 1.22643e-23
63 2.22198e-21 1.2087e-23
64 2.22269e-21 1.19181e-23
65 2.22332e-21 1.175e-23
66 2.22524e-21 1.17287e-23
67 2.22649e-21 1.16203e-23
68 2.2263e-21 1.14498e-23
69 2.22516e-21 1.13402e-23
70 2.22462e-21 1.11898e-23
71 2.22447e-21 1.10322e-23
72 2.22515e-21 1.08994e-23
73 2.22483e-21 1.07539e-23
74 2.22726e-21 1.08814e-23
75 2.22892e-21 1.08639e-23
76 2.22816e-21 1.07467e-23
77 2.22651e-21 1.07344e-23
78 2.22422e-21 1.08412e-23
79 2.22399e-21 1.07056e-23
80 2.22274e-21 1.06436e-23
81 2.22187e-21 1.05478e-23
82 2.22076e-21 1.04768e-23
83 2.22038e-21 1.03567e-23
84 2.21906e-21 1.03178e-23
85 2.21873e-21 1.02011e-23
86 2.21801e-21 1.01072e-23
87 2.21692e-21 1.00496e-23
88 2.21595e-21 9.98259e-24
89 2.21445e-21 9.98295e-24
90 2.21582e-21 9.96653e-24
91 2.21664e-21 9.89002e-24
92 2.21736e-21 9.80895e-24
93 2.21869e-21 9.7929e-24
94 2.222e-21 1.02394e-23
95 2.22453e-21 1.04424e-23
96 2.22531e-21 1.0362e-23
97 2.22571e-21 1.02626e-23
98 2.22724e-21 1.02714e-23
99 2.22721e-21 1.01671e-23
100 2.22796e-21 1.00929e-23
