1 8.06181e+07 0
2 6.70477e+07 1.35704e+07
3 6.13192e+07 9.70573e+06
4 6.30265e+07 7.07217e+06
5 6.14319e+07 5.70545e+06
6 5.96952e+07 4.97168e+06
7 6.02927e+07 4.24411e+06
8 5.92689e+07 3.81544e+06
9 5.77363e+07 3.69749e+06
10 5.60503e+07 3.7121e+06
11 5.55735e+07 3.3914e+06
12 5.75404e+07 3.66789e+06
13 5.95949e+07 3.95024e+06
14 6.08944e+07 3.88124e+06
15 6.20149e+07 3.78298e+06
16 6.21789e+07 3.54246e+06
17 6.22502e+07 3.32832e+06
18 6.21286e+07 3.14032e+06
19 6.23118e+07 2.97609e+06
20 6.26001e+07 2.83805e+06
21 6.23836e+07 2.70819e+06
22 6.27614e+07 2.60965e+06
23 6.27762e+07 2.49366e+06
24 6.35541e+07 2.51101e+06
25 6.36796e+07 2.41175e+06
26 6.37916e+07 2.31984e+06
27 6.38695e+07 2.23362e+06
28 6.31459e+07 2.27077e+06
29 6.29359e+07 2.20111e+06
30 6.34014e+07 2.17683e+06
31 6.44813e+07 2.36624e+06
32 6.46365e+07 2.29635e+06
33 6.45693e+07 2.22669e+06
34 6.46289e+07 2.16103e+06
35 6.43989e+07 2.11094e+06
36 6.399e+07 2.09182e+06
37 6.37362e+07 2.05026e+06
38 6.37716e+07 1.99589e+06
39 6.35656e+07 1.95493e+06
40 6.3545e+07 1.90554e+06
41 6.30731e+07 1.91748e+06
42 6.26543e+07 1.91755e+06
43 6.25661e+07 1.8745e+06
44 6.25856e+07 1.83151e+06
45 6.25855e+07 1.79034e+06
46 6.27104e+07 1.75544e+06
47 6.27053e+07 1.71769e+06
48 6.24101e+07 1.70725e+06
49 6.21023e+07 1.70013e+06
50 6.23428e+07 1.68306e+06
51 6.22983e+07 1.65033e+06
52 6.2193e+07 1.6217e+06
53 6.19022e+07 1.61717e+06
54 6.17945e+07 1.59059e+06
55 6.19603e+07 1.57017e+06
56 6.15911e+07 1.58546e+06
57 6.1157e+07 1.61675e+06
58 6.10501e+07 1.59223e+06
59 6.10137e+07 1.56543e+06
60 6.10696e+07 1.54013e+06
61 6.08354e+07 1.53267e+06
62 6.07447e+07 1.51047e+06
63 6.07647e+07 1.48643e+06
64 6.05473e+07 1.47909e+06
65 6.02589e+07 1.48444e+06
66 5.99764e+07 1.48882e+06
67 5.97104e+07 1.49036e+06
68 5.97169e+07 1.46829e+06
69 5.98406e+07 1.45213e+06
70 5.9941e+07 1.43476e+06
71 5.99845e+07 1.41508e+06
72 5.99518e+07 1.39567e+06
73 5.99767e+07 1.37664e+06
74 5.97067e+07 1.3845e+06
75 5.9443e+07 1.39114e+06
76 5.95056e+07 1.37413e+06
77 5.98395e+07 1.39669e+06
78 6.00447e+07 1.39384e+06
79 5.99343e+07 1.38051e+06
80 6.01311e+07 1.37728e+06
81 6.01949e+07 1.36166e+06
82 6.03077e+07 1.34968e+06
83 6.02801e+07 1.33361e+06
84 6.03835e+07 1.32169e+06
85 6.0541e+07 1.3155e+06
86 6.06552e+07 1.30513e+06
87 6.0806e+07 1.29882e+06
88 6.07941e+07 1.28403e+06
89 6.08097e+07 1.26961e+06
90 6.08287e+07 1.25557e+06
91 6.08482e+07 1.24185e+06
92 6.07587e+07 1.23153e+06
93 6.06671e+07 1.22165e+06
94 6.04168e+07 1.23424e+06
95 6.01897e+07 1.24213e+06
96 5.99855e+07 1.24596e+06
97 5.97991e+07 1.24706e+06
98 5.97146e+07 1.23716e+06
99 5.97535e+07 1.22522e+06
100 5.95891e+07 1.22399e+06
