1 1.06872 0
2 1.10396 0.0352414
3 1.08463 0.0280664
4 1.08077 0.0202179
5 1.09195 0.0192411
6 1.09593 0.0162068
7 1.09493 0.0137338
8 1.08956 0.0130485
9 1.08234 0.0135871
10 1.08394 0.0122575
11 1.08131 0.0113953
12 1.08294 0.0105306
13 1.07797 0.0108888
14 1.07548 0.0103844
15 1.07546 0.00966739
16 1.07712 0.0091949
17 1.07975 0.00902864
18 1.08656 0.0108989
19 1.08631 0.0103124
20 1.08439 0.00996926
21 1.08551 0.00954839
22 1.08706 0.00923524
23 1.08804 0.00887945
24 1.08745 0.00852191
25 1.08896 0.00831181
26 1.08929 0.00799251
27 1.08789 0.00781715
28 1.08805 0.00753443
29 1.08842 0.0072796
30 1.08765 0.00707458
31 1.08825 0.00686835
32 1.0861 0.00698806
33 1.08602 0.00677347
34 1.08715 0.00666712
35 1.08983 0.00700754
36 1.08932 0.00682922
37 1.09003 0.00667999
38 1.09149 0.00666446
39 1.09176 0.00649668
40 1.0921 0.00634125
41 1.09216 0.00618494
42 1.09292 0.00608407
43 1.09321 0.00594798
44 1.09464 0.00598433
45 1.09533 0.00589033
46 1.0972 0.00605582
47 1.09782 0.00595826
48 1.09854 0.00587657
49 1.09911 0.00578386
50 1.09898 0.00566842
51 1.09727 0.00581378
52 1.09742 0.0057028
53 1.0983 0.00566349
54 1.09836 0.00555795
55 1.09689 0.00565162
56 1.09836 0.00574103
57 1.10041 0.0060021
58 1.10044 0.00589779
59 1.09896 0.00598452
60 1.09902 0.00588424
61 1.0992 0.00578976
62 1.09929 0.00569634
63 1.09828 0.00569502
64 1.09766 0.00563919
65 1.09693 0.00560059
66 1.09669 0.00552003
67 1.09678 0.00543767
68 1.09662 0.0053594
69 1.09639 0.00528604
70 1.09652 0.00521144
71 1.09669 0.00514037
72 1.0965 0.00507207
73 1.09578 0.00505385
74 1.09553 0.00499089
75 1.09646 0.00500938
76 1.09637 0.0049437
77 1.09636 0.0048791
78 1.09697 0.00485518
79 1.09642 0.00482524
80 1.09623 0.00476831
81 1.09701 0.00477248
82 1.09762 0.00475318
83 1.0985 0.00477718
84 1.09856 0.00472037
85 1.09837 0.00466817
86 1.09839 0.00461361
87 1.09853 0.00456224
88 1.09898 0.00453275
89 1.099 0.0044816
90 1.09923 0.00443746
91 1.0987 0.00442082
92 1.09834 0.0043875
93 1.09779 0.00437429
94 1.09768 0.0043289
95 1.09735 0.00429595
96 1.09752 0.00425445
97 1.09775 0.00421648
98 1.09799 0.00418022
99 1.09844 0.00416202
100 1.09813 0.00413159
