1 1.60308 0
2 1.65594 0.052862
3 1.62695 0.0420996
4 1.62115 0.0303269
5 1.63792 0.0288616
6 1.64389 0.0243102
7 1.64239 0.0206008
8 1.63434 0.0195727
9 1.62351 0.0203806
10 1.62591 0.0183863
11 1.62196 0.0170929
12 1.62442 0.0157958
13 1.61696 0.0163331
14 1.61322 0.0155766
15 1.61319 0.0145011
16 1.61568 0.0137923
17 1.61963 0.013543
18 1.62984 0.0163483
19 1.62946 0.0154685
20 1.62658 0.0149539
21 1.62826 0.0143226
22 1.63059 0.0138529
23 1.63207 0.0133192
24 1.63118 0.0127829
25 1.63344 0.0124677
26 1.63394 0.0119888
27 1.63184 0.0117257
28 1.63207 0.0113017
29 1.63263 0.0109194
30 1.63148 0.0106119
31 1.63237 0.0103025
32 1.62915 0.0104821
33 1.62903 0.0101602
34 1.63072 0.0100007
35 1.63475 0.0105113
36 1.63398 0.0102438
37 1.63505 0.01002
38 1.63724 0.00999669
39 1.63764 0.00974501
40 1.63815 0.00951187
41 1.63824 0.00927741
42 1.63938 0.00912611
43 1.63982 0.00892198
44 1.64196 0.0089765
45 1.64299 0.00883549
46 1.64579 0.00908373
47 1.64673 0.00893739
48 1.6478 0.00881486
49 1.64866 0.00867579
50 1.64847 0.00850263
51 1.64591 0.00872068
52 1.64613 0.00855421
53 1.64745 0.00849524
54 1.64754 0.00833693
55 1.64533 0.00847744
56 1.64754 0.00861154
57 1.65062 0.00900314
58 1.65067 0.00884669
59 1.64844 0.00897678
60 1.64853 0.00882636
61 1.6488 0.00868464
62 1.64893 0.00854452
63 1.64742 0.00854253
64 1.6465 0.00845878
65 1.64539 0.00840088
66 1.64504 0.00828004
67 1.64517 0.0081565
68 1.64493 0.0080391
69 1.64459 0.00792905
70 1.64477 0.00781716
71 1.64503 0.00771055
72 1.64475 0.00760811
73 1.64366 0.00758077
74 1.6433 0.00748634
75 1.64468 0.00751407
76 1.64456 0.00741555
77 1.64454 0.00731864
78 1.64546 0.00728277
79 1.64463 0.00723786
80 1.64435 0.00715247
81 1.64551 0.00715872
82 1.64642 0.00712977
83 1.64774 0.00716577
84 1.64784 0.00708055
85 1.64756 0.00700225
86 1.64759 0.00692042
87 1.64779 0.00684337
88 1.64847 0.00679912
89 1.64851 0.0067224
90 1.64885 0.00665619
91 1.64805 0.00663123
92 1.64751 0.00658124
93 1.64669 0.00656144
94 1.64652 0.00649335
95 1.64602 0.00644392
96 1.64628 0.00638167
97 1.64662 0.00632472
98 1.64698 0.00627032
99 1.64766 0.00624303
100 1.6472 0.00619739
