1 1.90714 0
2 2.01711 0.109965
3 2.24081 0.232539
4 2.21233 0.166879
5 2.15679 0.14069
6 2.16016 0.114923
7 2.19002 0.101614
8 2.20815 0.0898495
9 2.25203 0.0905776
10 2.22481 0.085467
11 2.23638 0.0781698
12 2.21827 0.0736218
13 2.21432 0.0678376
14 2.22146 0.06321
15 2.1875 0.06794
16 2.14124 0.0786047
17 2.12377 0.0758758
18 2.10972 0.0729015
19 2.12776 0.0712785
20 2.14471 0.0697115
21 2.12584 0.0689419
22 2.11366 0.0668523
23 2.11665 0.0639497
24 2.11442 0.0612679
25 2.09778 0.0610765
26 2.09899 0.0586928
27 2.11771 0.0594994
28 2.12276 0.0575572
29 2.12236 0.0555385
30 2.1396 0.056357
31 2.14667 0.0549653
32 2.17377 0.059722
33 2.18631 0.0592268
34 2.17179 0.0592656
35 2.15013 0.0614871
36 2.15304 0.0598256
37 2.15062 0.0582363
38 2.1449 0.0569712
39 2.14589 0.0555
40 2.14269 0.054189
41 2.14976 0.0533207
42 2.15475 0.0522749
43 2.15656 0.0510768
44 2.14875 0.0505095
45 2.15001 0.0493903
46 2.14165 0.0490232
47 2.13555 0.0483544
48 2.13202 0.0474682
49 2.12649 0.0468162
50 2.12355 0.0459648
51 2.12912 0.0453975
52 2.13015 0.0445279
53 2.12191 0.044451
54 2.12077 0.0436348
55 2.13089 0.0440123
56 2.13287 0.0432645
57 2.13045 0.0425675
58 2.13645 0.0422552
59 2.14591 0.0425974
60 2.14659 0.041887
61 2.14628 0.0411958
62 2.14133 0.0408264
63 2.14599 0.040442
64 2.15332 0.0404748
65 2.15739 0.040055
66 2.16179 0.0396873
67 2.16536 0.039253
68 2.16252 0.0387751
69 2.16079 0.0382483
70 2.16451 0.0378813
71 2.1694 0.0376625
72 2.17523 0.0375902
73 2.18034 0.0374223
74 2.18028 0.0369131
75 2.17638 0.0366261
76 2.181 0.0364353
77 2.18304 0.0360165
78 2.18113 0.0356027
79 2.18066 0.0351523
80 2.18131 0.0347162
81 2.17493 0.0348739
82 2.17088 0.0346825
83 2.16857 0.0343402
84 2.17133 0.0340412
85 2.17393 0.0337387
86 2.17267 0.033368
87 2.17037 0.0330622
88 2.16402 0.0332951
89 2.15897 0.0333034
90 2.15445 0.0332406
91 2.15818 0.0330839
92 2.16483 0.0333916
93 2.17091 0.0335852
94 2.16956 0.0332532
95 2.16925 0.0329028
96 2.17255 0.0327249
97 2.17877 0.0329782
98 2.18356 0.0329897
99 2.18227 0.0326802
100 2.18269 0.0323545
