1 -4.97821 0
2 -5.03159 0.0533843
3 -5.00215 0.042625
4 -4.99749 0.0304986
5 -5.0146 0.0291708
6 -5.02005 0.0244341
7 -5.01826 0.0207278
8 -5.01023 0.0196673
9 -4.9996 0.0203403
10 -5.00194 0.0183419
11 -4.99812 0.0170254
12 -5.00051 0.0157247
13 -4.99321 0.0162001
14 -4.9897 0.0154044
15 -4.98996 0.0143432
16 -4.99276 0.0137044
17 -4.99678 0.013486
18 -5.00702 0.0163248
19 -5.00637 0.0154553
20 -5.00349 0.0149409
21 -5.0051 0.0143018
22 -5.00736 0.0138224
23 -5.00866 0.0132717
24 -5.00778 0.0127372
25 -5.01013 0.0124409
26 -5.01071 0.011967
27 -5.00865 0.0116972
28 -5.00899 0.0112768
29 -5.00955 0.010895
30 -5.00825 0.0106054
31 -5.009 0.0102855
32 -5.0057 0.0104937
33 -5.00554 0.0101719
34 -5.00727 0.0100177
35 -5.01127 0.0105211
36 -5.01048 0.0102558
37 -5.01159 0.0100369
38 -5.0138 0.0100156
39 -5.01417 0.0097624
40 -5.01462 0.0095261
41 -5.01463 0.00929085
42 -5.01566 0.00912626
43 -5.01599 0.00891751
44 -5.01808 0.00896002
45 -5.01904 0.00881069
46 -5.02181 0.0090514
47 -5.02264 0.00889604
48 -5.02365 0.00876696
49 -5.02443 0.00862162
50 -5.0242 0.00845074
51 -5.02165 0.00866743
52 -5.02184 0.00850135
53 -5.0231 0.00843363
54 -5.02309 0.00827598
55 -5.02083 0.00843379
56 -5.02299 0.00855908
57 -5.02605 0.00894596
58 -5.02604 0.00879037
59 -5.02382 0.00892021
60 -5.02393 0.008771
61 -5.02417 0.00862929
62 -5.02431 0.00849013
63 -5.02278 0.00849329
64 -5.02185 0.00841058
65 -5.02073 0.00835655
66 -5.02032 0.00823879
67 -5.0204 0.00811521
68 -5.0201 0.00800032
69 -5.01973 0.00789235
70 -5.01991 0.00778078
71 -5.02017 0.00767494
72 -5.01988 0.00757312
73 -5.01882 0.00754378
74 -5.01852 0.00744724
75 -5.0199 0.00747561
76 -5.01974 0.00737833
77 -5.01977 0.00728193
78 -5.02069 0.00724682
79 -5.01985 0.00720292
80 -5.01958 0.00711769
81 -5.02075 0.00712593
82 -5.02169 0.00710115
83 -5.02301 0.00713831
84 -5.02313 0.00705393
85 -5.02291 0.0069741
86 -5.02298 0.00689288
87 -5.02323 0.00681798
88 -5.02394 0.00677667
89 -5.02399 0.00670031
90 -5.02433 0.00663428
91 -5.02353 0.00660966
92 -5.02298 0.00656043
93 -5.02216 0.00654143
94 -5.02199 0.00647383
95 -5.0215 0.00642377
96 -5.02177 0.00636245
97 -5.02211 0.00630535
98 -5.02245 0.00624993
99 -5.02307 0.00621787
100 -5.02256 0.00617675
