1 -3.37512 0
2 -3.37565 0.000522241
3 -3.3752 0.000537785
4 -3.37633 0.00119295
5 -3.37668 0.000986207
6 -3.37616 0.00095773
7 -3.37587 0.000858313
8 -3.37589 0.000743456
9 -3.3761 0.000688776
10 -3.37603 0.000619656
11 -3.37616 0.000574279
12 -3.37609 0.000528443
13 -3.37625 0.000513251
14 -3.37648 0.000525484
15 -3.37678 0.000573682
16 -3.37707 0.00061305
17 -3.37715 0.000580646
18 -3.37718 0.000548229
19 -3.37691 0.000585143
20 -3.37691 0.000555125
21 -3.37684 0.000533256
22 -3.37677 0.000512735
23 -3.37659 0.000520765
24 -3.3766 0.000498619
25 -3.37669 0.000486236
26 -3.37677 0.000475254
27 -3.37682 0.000459475
28 -3.37692 0.000454519
29 -3.37691 0.000438631
30 -3.37677 0.000448427
31 -3.37663 0.000454431
32 -3.37654 0.000448666
33 -3.37651 0.000436269
34 -3.37654 0.000424617
35 -3.37653 0.000412557
36 -3.3765 0.000402218
37 -3.37655 0.000394333
38 -3.37656 0.000384034
39 -3.37653 0.000375
40 -3.37648 0.000369373
41 -3.37639 0.000370912
42 -3.37628 0.000377602
43 -3.37617 0.000384225
44 -3.37612 0.000378954
45 -3.37604 0.000378549
46 -3.37601 0.000371449
47 -3.37592 0.000376827
48 -3.37585 0.000374582
49 -3.37577 0.00037521
50 -3.37573 0.000370529
51 -3.37574 0.000363533
52 -3.37571 0.000357486
53 -3.37565 0.000357208
54 -3.37555 0.000363335
55 -3.3755 0.000360598
56 -3.37545 0.000356742
57 -3.37543 0.00035136
58 -3.37537 0.000349968
59 -3.37538 0.000344191
60 -3.37541 0.000339163
61 -3.37537 0.000335072
62 -3.37538 0.000329638
63 -3.37536 0.000324927
64 -3.37536 0.00031981
65 -3.37534 0.000315504
66 -3.37529 0.000314958
67 -3.37523 0.000314908
68 -3.37517 0.000315441
69 -3.37514 0.000312535
70 -3.37513 0.00030818
71 -3.37514 0.000303885
72 -3.37514 0.000299646
73 -3.37516 0.000296187
74 -3.37522 0.000298166
75 -3.37521 0.000294179
76 -3.37518 0.000292682
77 -3.37523 0.00029296
78 -3.37523 0.000289179
79 -3.37522 0.000285509
80 -3.37523 0.000282031
81 -3.37524 0.000278608
82 -3.37526 0.000276494
83 -3.37527 0.000273148
84 -3.3753 0.000271884
85 -3.37535 0.000273597
86 -3.37539 0.000273131
87 -3.37544 0.000275407
88 -3.37547 0.000273379
89 -3.37548 0.000270725
90 -3.37548 0.000267707
91 -3.37548 0.000264749
92 -3.37548 0.00026191
93 -3.37547 0.000259101
94 -3.37546 0.000256527
95 -3.37548 0.000254085
96 -3.37549 0.000251983
97 -3.37548 0.000249472
98 -3.37546 0.000247903
99 -3.37541 0.000250204
100 -3.37536 0.000253339
