1 2.2253e-21 0
2 2.22549e-21 1.95527e-25
3 2.22552e-21 1.16184e-25
4 2.22554e-21 8.50999e-26
5 2.22564e-21 1.17313e-25
6 2.22558e-21 1.10703e-25
7 2.22557e-21 9.43147e-26
8 2.22558e-21 8.19171e-26
9 2.22555e-21 7.93256e-26
10 2.22556e-21 7.22915e-26
11 2.22555e-21 6.59476e-26
12 2.22551e-21 7.18533e-26
13 2.22552e-21 6.61868e-26
14 2.22549e-21 6.73543e-26
15 2.2255e-21 6.39222e-26
16 2.22552e-21 6.18066e-26
17 2.22547e-21 7.24758e-26
18 2.22551e-21 7.61071e-26
19 2.22549e-21 7.27957e-26
20 2.22553e-21 7.99109e-26
21 2.22552e-21 7.75453e-26
22 2.22553e-21 7.46981e-26
23 2.22554e-21 7.2703e-26
24 2.22556e-21 7.10382e-26
25 2.22556e-21 6.81462e-26
26 2.22556e-21 6.56021e-26
27 2.22556e-21 6.313e-26
28 2.22557e-21 6.08528e-26
29 2.22556e-21 5.87512e-26
30 2.22557e-21 5.70693e-26
31 2.22555e-21 5.82324e-26
32 2.22555e-21 5.64783e-26
33 2.22554e-21 5.60752e-26
34 2.22554e-21 5.44113e-26
35 2.22554e-21 5.30833e-26
36 2.22553e-21 5.15987e-26
37 2.22555e-21 5.22042e-26
38 2.22556e-21 5.1791e-26
39 2.22555e-21 5.16956e-26
40 2.22555e-21 5.07287e-26
41 2.22556e-21 4.95032e-26
42 2.22556e-21 4.83267e-26
43 2.22557e-21 4.79156e-26
44 2.22558e-21 4.80082e-26
45 2.22559e-21 4.921e-26
46 2.22559e-21 4.81407e-26
47 2.22558e-21 4.81695e-26
48 2.22559e-21 4.76294e-26
49 2.22559e-21 4.67075e-26
50 2.22559e-21 4.58443e-26
51 2.22559e-21 4.49551e-26
52 2.2256e-21 4.63544e-26
53 2.2256e-21 4.54719e-26
54 2.2256e-21 4.49799e-26
55 2.2256e-21 4.41671e-26
56 2.22561e-21 4.60226e-26
57 2.22561e-21 4.52275e-26
58 2.22561e-21 4.492e-26
59 2.2256e-21 4.43708e-26
60 2.22563e-21 5.35017e-26
61 2.2256e-21 6.2391e-26
62 2.22559e-21 6.18164e-26
63 2.22562e-21 6.53192e-26
64 2.2256e-21 6.62264e-26
65 2.22559e-21 6.59187e-26
66 2.22559e-21 6.51392e-26
67 2.22558e-21 6.49011e-26
68 2.22558e-21 6.39864e-26
69 2.22558e-21 6.30568e-26
70 2.22557e-21 6.26687e-26
71 2.22556e-21 6.23792e-26
72 2.22556e-21 6.15239e-26
73 2.22556e-21 6.06757e-26
74 2.22556e-21 6.00923e-26
75 2.22556e-21 5.95388e-26
76 2.22555e-21 5.93771e-26
77 2.22555e-21 5.86415e-26
78 2.22555e-21 5.7992e-26
79 2.22554e-21 5.74667e-26
80 2.22555e-21 5.72927e-26
81 2.22555e-21 5.70259e-26
82 2.22554e-21 5.64733e-26
83 2.22554e-21 5.57898e-26
84 2.22554e-21 5.51762e-26
85 2.22554e-21 5.45237e-26
86 2.22554e-21 5.38975e-26
87 2.22554e-21 5.39247e-26
88 2.22553e-21 5.33666e-26
89 2.22553e-21 5.27931e-26
90 2.22554e-21 5.23365e-26
91 2.22553e-21 5.27026e-26
92 2.22553e-21 5.21328e-26
93 2.22552e-21 5.17951e-26
94 2.22552e-21 5.14061e-26
95 2.22552e-21 5.11387e-26
96 2.22552e-21 5.0727e-26
97 2.22552e-21 5.02713e-26
98 2.22552e-21 4.98117e-26
99 2.22552e-21 4.93237e-26
100 2.22552e-21 4.89894e-26
