1 138.538 0
2 138.543 0.00494831
3 138.503 0.0408153
4 138.508 0.0293067
5 138.211 0.297233
6 137.88 0.41055
7 137.823 0.351599
8 137.751 0.31298
9 137.75 0.276024
10 137.861 0.270488
11 137.784 0.256331
12 137.952 0.287922
13 138.144 0.327156
14 138.401 0.396853
15 138.678 0.461776
16 138.837 0.460403
17 139.078 0.495363
18 139.267 0.503779
19 139.472 0.518693
20 139.518 0.494204
21 139.563 0.472235
22 139.58 0.450587
23 139.548 0.431779
24 139.428 0.430332
25 139.301 0.432001
26 139.16 0.438306
27 139.018 0.445053
28 138.88 0.450537
29 138.75 0.453737
30 138.619 0.45749
31 138.524 0.452516
32 138.489 0.439544
33 138.477 0.426194
34 138.506 0.414536
35 138.565 0.406718
36 138.643 0.402861
37 138.687 0.394365
38 138.686 0.383848
39 138.696 0.374003
40 138.738 0.366903
41 138.761 0.358628
42 138.807 0.35292
43 138.832 0.345522
44 138.836 0.337604
45 138.791 0.333051
46 138.717 0.333998
47 138.69 0.327933
48 138.675 0.321405
49 138.667 0.314867
50 138.661 0.308562
51 138.651 0.302631
52 138.612 0.299243
53 138.526 0.305945
54 138.472 0.305063
55 138.446 0.3006
56 138.395 0.299573
57 138.296 0.310385
58 138.218 0.314731
59 138.181 0.311559
60 138.087 0.320394
61 137.985 0.331305
62 137.987 0.325923
63 137.95 0.322815
64 137.85 0.333151
65 137.835 0.32833
66 137.807 0.324484
67 137.847 0.322026
68 137.886 0.319651
69 137.894 0.315098
70 137.911 0.310994
71 137.968 0.311913
72 138.031 0.313938
73 138.085 0.314342
74 138.124 0.312506
75 138.16 0.31041
76 138.204 0.309317
77 138.264 0.311264
78 138.302 0.309598
79 138.358 0.310671
80 138.399 0.309436
81 138.412 0.305897
82 138.449 0.304397
83 138.489 0.303321
84 138.51 0.300459
85 138.52 0.297069
86 138.507 0.29392
87 138.515 0.29064
88 138.534 0.287933
89 138.554 0.285375
90 138.557 0.282204
91 138.56 0.279106
92 138.578 0.276634
93 138.587 0.273779
94 138.617 0.272508
95 138.634 0.270177
96 138.642 0.267485
97 138.644 0.264717
98 138.636 0.262115
99 138.626 0.25963
100 138.608 0.257657
