1 2.11717e+06 0
2 2.07152e+06 45653.1
3 2.0687e+06 26507.5
4 2.07706e+06 20520.8
5 2.11396e+06 40178.4
6 2.1413e+06 42706.6
7 2.12085e+06 41486.6
8 2.09604e+06 43658.8
9 2.06176e+06 51552.2
10 2.02278e+06 60380.8
11 2.02514e+06 54667.5
12 2.02506e+06 49904.5
13 2.04361e+06 49512.7
14 2.06748e+06 51682.3
15 2.09491e+06 55384.5
16 2.13249e+06 64001.2
17 2.14516e+06 61439.2
18 2.14328e+06 57956
19 2.13904e+06 54984.6
20 2.15954e+06 56046.6
21 2.17352e+06 55113.5
22 2.17666e+06 52642.6
23 2.17255e+06 50469.5
24 2.16678e+06 48663.7
25 2.15141e+06 49142.5
26 2.13089e+06 51482.6
27 2.10905e+06 54137.6
28 2.09168e+06 54985
29 2.08067e+06 54185
30 2.07247e+06 52986
31 2.07004e+06 51305.8
32 2.06829e+06 49707.7
33 2.06619e+06 48223.6
34 2.06187e+06 46982.4
35 2.05702e+06 45877.6
36 2.05303e+06 44762.9
37 2.06089e+06 44239.4
38 2.07963e+06 46960.2
39 2.09405e+06 47960.4
40 2.09758e+06 46879.3
41 2.09625e+06 45741
42 2.08772e+06 45446.7
43 2.07815e+06 45396.1
44 2.07249e+06 44712.1
45 2.07847e+06 44114.4
46 2.08846e+06 44286.2
47 2.09002e+06 43361.7
48 2.08808e+06 42493
49 2.08398e+06 41818.7
50 2.0785e+06 41337.6
51 2.0767e+06 40559
52 2.08117e+06 40021.9
53 2.09105e+06 40482.8
54 2.09452e+06 39877.4
55 2.09141e+06 39269.5
56 2.09135e+06 38561.9
57 2.09632e+06 38204.7
58 2.09586e+06 37543
59 2.08797e+06 37734.7
60 2.08814e+06 37100.8
61 2.08956e+06 36515.4
62 2.08082e+06 36969.2
63 2.08354e+06 36479
64 2.09867e+06 38959.5
65 2.10369e+06 38683.7
66 2.10768e+06 38301
67 2.10174e+06 38190.4
68 2.09713e+06 37905.5
69 2.09914e+06 37406.3
70 2.10216e+06 36991.7
71 2.10101e+06 36485.3
72 2.10006e+06 35987.4
73 2.10183e+06 35534.9
74 2.10507e+06 35201.3
75 2.10712e+06 34789.3
76 2.10831e+06 34348.8
77 2.10546e+06 34019.3
78 2.10441e+06 33596.8
79 2.10083e+06 33361.4
80 2.09946e+06 32970.1
81 2.10146e+06 32622.1
82 2.09944e+06 32285.3
83 2.09574e+06 32107.6
84 2.09412e+06 31764.1
85 2.09582e+06 31434
86 2.10088e+06 31475.4
87 2.1008e+06 31111.6
88 2.0999e+06 30769.2
89 2.09985e+06 30421.5
90 2.10252e+06 30199.8
91 2.10462e+06 29940
92 2.10736e+06 29739.2
93 2.11075e+06 29613.3
94 2.10976e+06 29313.3
95 2.1088e+06 29019.1
96 2.10909e+06 28716.7
97 2.10956e+06 28423
98 2.10949e+06 28131.6
99 2.1079e+06 27891.3
100 2.10635e+06 27654.1
