1 -6.43796e-22 0
2 -6.43703e-22 9.3049e-26
3 -6.42832e-22 8.72334e-25
4 -6.42915e-22 6.22429e-25
5 -6.36681e-22 6.25329e-24
6 -6.29878e-22 8.50531e-24
7 -6.28714e-22 7.28205e-24
8 -6.27208e-22 6.48363e-24
9 -6.27225e-22 5.71804e-24
10 -6.29499e-22 5.59745e-24
11 -6.27925e-22 5.30229e-24
12 -6.31438e-22 5.98111e-24
13 -6.35412e-22 6.78694e-24
14 -6.40751e-22 8.245e-24
15 -6.46475e-22 9.57541e-24
16 -6.4976e-22 9.54009e-24
17 -6.54806e-22 1.02844e-23
18 -6.58684e-22 1.0443e-23
19 -6.62937e-22 1.07548e-23
20 -6.63846e-22 1.02433e-23
21 -6.64794e-22 9.78935e-24
22 -6.65139e-22 9.34017e-24
23 -6.64451e-22 8.9513e-24
24 -6.61962e-22 8.92455e-24
25 -6.5932e-22 8.95838e-24
26 -6.56399e-22 9.08922e-24
27 -6.53455e-22 9.22812e-24
28 -6.50595e-22 9.34125e-24
29 -6.47905e-22 9.40612e-24
30 -6.45187e-22 9.48487e-24
31 -6.43244e-22 9.37743e-24
32 -6.42515e-22 9.10883e-24
33 -6.42272e-22 8.83184e-24
34 -6.42889e-22 8.59029e-24
35 -6.44101e-22 8.42892e-24
36 -6.45715e-22 8.34896e-24
37 -6.46627e-22 8.1712e-24
38 -6.46594e-22 7.95334e-24
39 -6.46807e-22 7.74964e-24
40 -6.47663e-22 7.60181e-24
41 -6.48152e-22 7.43023e-24
42 -6.49092e-22 7.31176e-24
43 -6.49602e-22 7.15789e-24
44 -6.49678e-22 6.99372e-24
45 -6.48734e-22 6.90138e-24
46 -6.47203e-22 6.92105e-24
47 -6.46653e-22 6.79451e-24
48 -6.46324e-22 6.65958e-24
49 -6.46171e-22 6.52405e-24
50 -6.46045e-22 6.39347e-24
51 -6.45828e-22 6.27062e-24
52 -6.45016e-22 6.20223e-24
53 -6.43231e-22 6.34067e-24
54 -6.42116e-22 6.32124e-24
55 -6.41576e-22 6.22865e-24
56 -6.40503e-22 6.20991e-24
57 -6.38457e-22 6.43384e-24
58 -6.36854e-22 6.52197e-24
59 -6.36092e-22 6.45566e-24
60 -6.34116e-22 6.64756e-24
61 -6.3203e-22 6.86246e-24
62 -6.32078e-22 6.75104e-24
63 -6.31291e-22 6.68939e-24
64 -6.29233e-22 6.89845e-24
65 -6.28931e-22 6.79819e-24
66 -6.28367e-22 6.71811e-24
67 -6.29193e-22 6.66845e-24
68 -6.29999e-22 6.61897e-24
69 -6.30176e-22 6.52472e-24
70 -6.30522e-22 6.44016e-24
71 -6.3172e-22 6.46081e-24
72 -6.33026e-22 6.503e-24
73 -6.34152e-22 6.51137e-24
74 -6.34954e-22 6.47264e-24
75 -6.35706e-22 6.42986e-24
76 -6.36607e-22 6.4084e-24
77 -6.37864e-22 6.44821e-24
78 -6.38656e-22 6.41411e-24
79 -6.39812e-22 6.43714e-24
80 -6.40645e-22 6.41047e-24
81 -6.40935e-22 6.33746e-24
82 -6.41704e-22 6.30685e-24
83 -6.42528e-22 6.28456e-24
84 -6.42971e-22 6.22507e-24
85 -6.43176e-22 6.15482e-24
86 -6.42888e-22 6.08963e-24
87 -6.43067e-22 6.0219e-24
88 -6.43459e-22 5.96596e-24
89 -6.43874e-22 5.91308e-24
90 -6.43935e-22 5.84733e-24
91 -6.44014e-22 5.78326e-24
92 -6.44384e-22 5.73199e-24
93 -6.44567e-22 5.67297e-24
94 -6.45193e-22 5.64705e-24
95 -6.45545e-22 5.59841e-24
96 -6.45726e-22 5.54274e-24
97 -6.45751e-22 5.48536e-24
98 -6.45595e-22 5.43137e-24
99 -6.45395e-22 5.37992e-24
100 -6.45024e-22 5.33876e-24
