1 2.86909e-21 0
2 2.8692e-21 1.02478e-25
3 2.86835e-21 8.45274e-25
4 2.86846e-21 6.06934e-25
5 2.86232e-21 6.15562e-24
6 2.85546e-21 8.50238e-24
7 2.85429e-21 7.28152e-24
8 2.85279e-21 6.48173e-24
9 2.85277e-21 5.71637e-24
10 2.85506e-21 5.60173e-24
11 2.85348e-21 5.30854e-24
12 2.85695e-21 5.96278e-24
13 2.86093e-21 6.77532e-24
14 2.86624e-21 8.21871e-24
15 2.87198e-21 9.56325e-24
16 2.87527e-21 9.53482e-24
17 2.88028e-21 1.02588e-23
18 2.88419e-21 1.04331e-23
19 2.88843e-21 1.0742e-23
20 2.88938e-21 1.02348e-23
21 2.89031e-21 9.77987e-24
22 2.89067e-21 9.33153e-24
23 2.89e-21 8.94202e-24
24 2.88752e-21 8.91206e-24
25 2.88488e-21 8.94662e-24
26 2.88196e-21 9.0772e-24
27 2.87902e-21 9.21692e-24
28 2.87616e-21 9.3305e-24
29 2.87347e-21 9.39676e-24
30 2.87076e-21 9.4745e-24
31 2.86879e-21 9.37149e-24
32 2.86807e-21 9.10284e-24
33 2.86781e-21 8.82637e-24
34 2.86843e-21 8.58492e-24
35 2.86964e-21 8.42303e-24
36 2.87125e-21 8.34313e-24
37 2.87218e-21 8.16719e-24
38 2.87215e-21 7.9494e-24
39 2.87235e-21 7.7455e-24
40 2.87322e-21 7.59847e-24
41 2.87371e-21 7.42708e-24
42 2.87465e-21 7.30887e-24
43 2.87517e-21 7.15568e-24
44 2.87525e-21 6.99169e-24
45 2.87432e-21 6.8974e-24
46 2.87279e-21 6.91701e-24
47 2.87223e-21 6.7914e-24
48 2.87191e-21 6.65621e-24
49 2.87176e-21 6.5208e-24
50 2.87163e-21 6.39024e-24
51 2.87142e-21 6.2674e-24
52 2.87062e-21 6.19725e-24
53 2.86883e-21 6.33604e-24
54 2.86771e-21 6.31777e-24
55 2.86717e-21 6.22535e-24
56 2.86612e-21 6.20407e-24
57 2.86407e-21 6.42798e-24
58 2.86246e-21 6.518e-24
59 2.8617e-21 6.45231e-24
60 2.85975e-21 6.63527e-24
61 2.85763e-21 6.86123e-24
62 2.85767e-21 6.74978e-24
63 2.85691e-21 6.6854e-24
64 2.85483e-21 6.89947e-24
65 2.85452e-21 6.79963e-24
66 2.85395e-21 6.71998e-24
67 2.85477e-21 6.66907e-24
68 2.85558e-21 6.61988e-24
69 2.85575e-21 6.52559e-24
70 2.85609e-21 6.4406e-24
71 2.85728e-21 6.45963e-24
72 2.85859e-21 6.50158e-24
73 2.85971e-21 6.50995e-24
74 2.86052e-21 6.47191e-24
75 2.86127e-21 6.42851e-24
76 2.86216e-21 6.40587e-24
77 2.86342e-21 6.44619e-24
78 2.86421e-21 6.4117e-24
79 2.86536e-21 6.43391e-24
80 2.8662e-21 6.40834e-24
81 2.86648e-21 6.33504e-24
82 2.86725e-21 6.30397e-24
83 2.86807e-21 6.2817e-24
84 2.86851e-21 6.22243e-24
85 2.86872e-21 6.15222e-24
86 2.86843e-21 6.08701e-24
87 2.8686e-21 6.01907e-24
88 2.86899e-21 5.96301e-24
89 2.86941e-21 5.91004e-24
90 2.86947e-21 5.84437e-24
91 2.86954e-21 5.78021e-24
92 2.86991e-21 5.72902e-24
93 2.87009e-21 5.66988e-24
94 2.87071e-21 5.64356e-24
95 2.87107e-21 5.5953e-24
96 2.87125e-21 5.53955e-24
97 2.87127e-21 5.48222e-24
98 2.87111e-21 5.42832e-24
99 2.87092e-21 5.37686e-24
100 2.87054e-21 5.33601e-24
