1 -9.25265e-21 0
2 -9.25138e-21 1.27139e-24
3 -9.24943e-21 2.08285e-24
4 -9.24985e-21 1.52998e-24
5 -9.24906e-21 1.42079e-24
6 -9.24913e-21 1.16195e-24
7 -9.24919e-21 9.83731e-25
8 -9.24943e-21 8.86814e-25
9 -9.24885e-21 9.7785e-25
10 -9.24805e-21 1.1845e-24
11 -9.24807e-21 1.07175e-24
12 -9.24824e-21 9.93081e-25
13 -9.24873e-21 1.03516e-24
14 -9.24866e-21 9.60811e-25
15 -9.24855e-21 9.01364e-25
16 -9.24853e-21 8.4355e-25
17 -9.24861e-21 7.97272e-25
18 -9.24851e-21 7.59374e-25
19 -9.24838e-21 7.29472e-25
20 -9.24835e-21 6.92614e-25
21 -9.24838e-21 6.5967e-25
22 -9.24866e-21 6.85762e-25
23 -9.24876e-21 6.62562e-25
24 -9.24906e-21 7.05549e-25
25 -9.24923e-21 6.96806e-25
26 -9.24927e-21 6.70508e-25
27 -9.24922e-21 6.4675e-25
28 -9.24931e-21 6.29011e-25
29 -9.24914e-21 6.29783e-25
30 -9.24916e-21 6.08957e-25
31 -9.24912e-21 5.90416e-25
32 -9.24929e-21 5.95341e-25
33 -9.24917e-21 5.88831e-25
34 -9.24923e-21 5.74356e-25
35 -9.24931e-21 5.63565e-25
36 -9.24943e-21 5.59627e-25
37 -9.24943e-21 5.44294e-25
38 -9.24964e-21 5.71835e-25
39 -9.24967e-21 5.57599e-25
40 -9.24974e-21 5.47552e-25
41 -9.24979e-21 5.37158e-25
42 -9.24972e-21 5.29258e-25
43 -9.24975e-21 5.17655e-25
44 -9.24979e-21 5.07312e-25
45 -9.24982e-21 4.96654e-25
46 -9.24986e-21 4.88005e-25
47 -9.2499e-21 4.78532e-25
48 -9.24997e-21 4.74474e-25
49 -9.24992e-21 4.67949e-25
50 -9.25013e-21 5.06115e-25
51 -9.25013e-21 4.96099e-25
52 -9.2501e-21 4.87506e-25
53 -9.25023e-21 4.95893e-25
54 -9.25031e-21 4.94617e-25
55 -9.25041e-21 4.95116e-25
56 -9.25055e-21 5.05892e-25
57 -9.25061e-21 5.00194e-25
58 -9.25057e-21 4.93065e-25
59 -9.25056e-21 4.84731e-25
60 -9.25059e-21 4.77371e-25
61 -9.25062e-21 4.70361e-25
62 -9.25071e-21 4.73074e-25
63 -9.2508e-21 4.74245e-25
64 -9.25081e-21 4.66884e-25
65 -9.2508e-21 4.59792e-25
66 -9.25079e-21 4.53071e-25
67 -9.25079e-21 4.46259e-25
68 -9.25073e-21 4.42649e-25
69 -9.25074e-21 4.36302e-25
70 -9.25079e-21 4.32396e-25
71 -9.25075e-21 4.28009e-25
72 -9.25072e-21 4.2306e-25
73 -9.25071e-21 4.17438e-25
74 -9.25077e-21 4.16525e-25
75 -9.25078e-21 4.10973e-25
76 -9.25078e-21 4.0553e-25
77 -9.2508e-21 4.00685e-25
78 -9.25076e-21 3.96981e-25
79 -9.25075e-21 3.9214e-25
80 -9.25071e-21 3.89522e-25
81 -9.25075e-21 3.86972e-25
82 -9.25068e-21 3.88163e-25
83 -9.25073e-21 3.86562e-25
84 -9.25076e-21 3.83417e-25
85 -9.25076e-21 3.78903e-25
86 -9.25074e-21 3.74835e-25
87 -9.25082e-21 3.77957e-25
88 -9.25082e-21 3.73638e-25
89 -9.2508e-21 3.69872e-25
90 -9.25079e-21 3.65941e-25
91 -9.25078e-21 3.61962e-25
92 -9.25082e-21 3.60966e-25
93 -9.25076e-21 3.62412e-25
94 -9.25078e-21 3.5903e-25
95 -9.25079e-21 3.554e-25
96 -9.25087e-21 3.60306e-25
97 -9.25099e-21 3.74936e-25
98 -9.25103e-21 3.73625e-25
99 -9.25102e-21 3.69989e-25
100 -9.25101e-21 3.66413e-25
