1 97.8727 0
2 94.065 3.80772
3 91.7073 3.22362
4 91.9469 2.292
5 90.53 2.27147
6 90.0684 1.91122
7 90.5787 1.69398
8 91.1365 1.56949
9 91.3547 1.40125
10 91.0366 1.29306
11 90.5013 1.28628
12 90.8108 1.2143
13 90.9409 1.12455
14 90.9398 1.04114
15 91.1422 0.990143
16 91.0534 0.930437
17 90.902 0.887009
18 90.855 0.8376
19 90.7744 0.796385
20 90.7063 0.758574
21 90.8086 0.728757
22 90.8228 0.694989
23 90.7224 0.671635
24 90.799 0.647592
25 91.1029 0.691504
26 90.974 0.676769
27 91.0557 0.656319
28 91.099 0.63393
29 91.0756 0.61213
30 90.9769 0.59954
31 90.9464 0.580683
32 90.9818 0.563362
33 90.9312 0.548368
34 90.813 0.544962
35 90.8425 0.529984
36 90.8858 0.516865
37 90.8206 0.506915
38 90.8037 0.493684
39 90.9383 0.499347
40 90.9518 0.486892
41 90.9301 0.475366
42 90.8433 0.471954
43 90.8839 0.462633
44 90.9887 0.46399
45 90.9342 0.456828
46 90.9711 0.448311
47 90.9273 0.440854
48 90.8466 0.439045
49 90.8829 0.43152
50 91.011 0.441771
51 91.0076 0.433036
52 90.9467 0.42897
53 90.9666 0.421271
54 90.9511 0.413689
55 90.9793 0.407075
56 90.9885 0.399845
57 91.0624 0.399675
58 90.9668 0.404213
59 90.8958 0.403585
60 90.9263 0.397966
61 90.8787 0.394262
62 90.9183 0.389867
63 90.9557 0.38544
64 91.0382 0.38825
65 90.9541 0.391375
66 90.9077 0.388187
67 90.9299 0.382997
68 91.0324 0.390995
69 90.9273 0.399378
70 90.9548 0.394595
71 90.9993 0.391535
72 90.9965 0.386069
73 90.9528 0.38325
74 90.9866 0.379545
75 91.0202 0.375953
76 90.9786 0.373296
77 91.0069 0.369503
78 91.0109 0.364757
79 90.9905 0.360692
80 90.9766 0.356425
81 90.9458 0.353336
82 90.9589 0.349247
83 90.9282 0.346377
84 91.0022 0.35013
85 90.9936 0.346093
86 90.9662 0.34314
87 90.936 0.340513
88 90.9466 0.336787
89 90.9626 0.333367
90 90.9578 0.329677
91 90.955 0.326046
92 90.9821 0.323621
93 90.938 0.323151
94 90.8964 0.322387
95 90.94 0.321944
96 90.9402 0.318572
97 90.9568 0.315708
98 91.0251 0.319849
99 90.9885 0.318706
100 90.9407 0.319104
