1 3.39373e+08 0
2 3.31771e+08 7.60182e+06
3 3.26464e+08 6.88709e+06
4 3.23098e+08 5.91972e+06
5 3.26411e+08 5.65706e+06
6 3.26989e+08 4.65491e+06
7 3.26841e+08 3.93691e+06
8 3.26354e+08 3.444e+06
9 3.25081e+08 3.2935e+06
10 3.25248e+08 2.95053e+06
11 3.26236e+08 2.84595e+06
12 3.25654e+08 2.66244e+06
13 3.26107e+08 2.49074e+06
14 3.26901e+08 2.43885e+06
15 3.26466e+08 2.31182e+06
16 3.26356e+08 2.16531e+06
17 3.26458e+08 2.03652e+06
18 3.25324e+08 2.22986e+06
19 3.24101e+08 2.43817e+06
20 3.24299e+08 2.32148e+06
21 3.24363e+08 2.20912e+06
22 3.24282e+08 2.1079e+06
23 3.23731e+08 2.08809e+06
24 3.22825e+08 2.19474e+06
25 3.22162e+08 2.20709e+06
26 3.2246e+08 2.1413e+06
27 3.2197e+08 2.11801e+06
28 3.21811e+08 2.04714e+06
29 3.22462e+08 2.0799e+06
30 3.22943e+08 2.06601e+06
31 3.23603e+08 2.1046e+06
32 3.23913e+08 2.06122e+06
33 3.24028e+08 2.0011e+06
34 3.23915e+08 1.94464e+06
35 3.2305e+08 2.07707e+06
36 3.2234e+08 2.13988e+06
37 3.22569e+08 2.09382e+06
38 3.22886e+08 2.06249e+06
39 3.23066e+08 2.01697e+06
40 3.2296e+08 1.96878e+06
41 3.22897e+08 1.92117e+06
42 3.23178e+08 1.8957e+06
43 3.22793e+08 1.89052e+06
44 3.22338e+08 1.90229e+06
45 3.22301e+08 1.85992e+06
46 3.22258e+08 1.81955e+06
47 3.22597e+08 1.8124e+06
48 3.22773e+08 1.78295e+06
49 3.2306e+08 1.76967e+06
50 3.22846e+08 1.74712e+06
51 3.22814e+08 1.71281e+06
52 3.23046e+08 1.69551e+06
53 3.22552e+08 1.73489e+06
54 3.2256e+08 1.70248e+06
55 3.22544e+08 1.67132e+06
56 3.22806e+08 1.66207e+06
57 3.22675e+08 1.63788e+06
58 3.22901e+08 1.62513e+06
59 3.22957e+08 1.59835e+06
60 3.22933e+08 1.57168e+06
61 3.22896e+08 1.54613e+06
62 3.22614e+08 1.54687e+06
63 3.22663e+08 1.5229e+06
64 3.22785e+08 1.50387e+06
65 3.23123e+08 1.51863e+06
66 3.23295e+08 1.50535e+06
67 3.23487e+08 1.49509e+06
68 3.23397e+08 1.47571e+06
69 3.23752e+08 1.4968e+06
70 3.23633e+08 1.48003e+06
71 3.23477e+08 1.46733e+06
72 3.2347e+08 1.44683e+06
73 3.23479e+08 1.42691e+06
74 3.2355e+08 1.40928e+06
75 3.23471e+08 1.39265e+06
76 3.23641e+08 1.3847e+06
77 3.23511e+08 1.37272e+06
78 3.23477e+08 1.35544e+06
79 3.23589e+08 1.34285e+06
80 3.23798e+08 1.34239e+06
81 3.23717e+08 1.32821e+06
82 3.23256e+08 1.39062e+06
83 3.22839e+08 1.43568e+06
84 3.22532e+08 1.45134e+06
85 3.2249e+08 1.43478e+06
86 3.2235e+08 1.4248e+06
87 3.22401e+08 1.40923e+06
88 3.22267e+08 1.39954e+06
89 3.22213e+08 1.38477e+06
90 3.22096e+08 1.37432e+06
91 3.22129e+08 1.35954e+06
92 3.22249e+08 1.35e+06
93 3.2233e+08 1.33786e+06
94 3.22264e+08 1.3252e+06
95 3.22059e+08 1.32712e+06
96 3.21767e+08 1.34533e+06
97 3.21588e+08 1.3433e+06
98 3.21541e+08 1.33036e+06
99 3.21722e+08 1.3293e+06
100 3.21848e+08 1.32188e+06
