1 2.02692e-21 0
2 1.94806e-21 7.88568e-23
3 1.89923e-21 6.67603e-23
4 1.9042e-21 4.74667e-23
5 1.87485e-21 4.70415e-23
6 1.86529e-21 3.95809e-23
7 1.87586e-21 3.50818e-23
8 1.88741e-21 3.25038e-23
9 1.89193e-21 2.90196e-23
10 1.88534e-21 2.67789e-23
11 1.87426e-21 2.66386e-23
12 1.88067e-21 2.51478e-23
13 1.88336e-21 2.32892e-23
14 1.88334e-21 2.15616e-23
15 1.88753e-21 2.05056e-23
16 1.88569e-21 1.92691e-23
17 1.88256e-21 1.83697e-23
18 1.88158e-21 1.73465e-23
19 1.87991e-21 1.64929e-23
20 1.8785e-21 1.57099e-23
21 1.88062e-21 1.50924e-23
22 1.88092e-21 1.4393e-23
23 1.87884e-21 1.39094e-23
24 1.88042e-21 1.34114e-23
25 1.88672e-21 1.43209e-23
26 1.88405e-21 1.40157e-23
27 1.88574e-21 1.35922e-23
28 1.88664e-21 1.31285e-23
29 1.88615e-21 1.2677e-23
30 1.88411e-21 1.24163e-23
31 1.88347e-21 1.20258e-23
32 1.88421e-21 1.16671e-23
33 1.88316e-21 1.13565e-23
34 1.88071e-21 1.1286e-23
35 1.88132e-21 1.09758e-23
36 1.88222e-21 1.07041e-23
37 1.88087e-21 1.04981e-23
38 1.88052e-21 1.02241e-23
39 1.88331e-21 1.03413e-23
40 1.88359e-21 1.00834e-23
41 1.88314e-21 9.8447e-24
42 1.88134e-21 9.77405e-24
43 1.88218e-21 9.58101e-24
44 1.88435e-21 9.60911e-24
45 1.88322e-21 9.46079e-24
46 1.88399e-21 9.2844e-24
47 1.88308e-21 9.12997e-24
48 1.88141e-21 9.09251e-24
49 1.88216e-21 8.93666e-24
50 1.88481e-21 9.14896e-24
51 1.88474e-21 8.96805e-24
52 1.88348e-21 8.88384e-24
53 1.88389e-21 8.72441e-24
54 1.88357e-21 8.56738e-24
55 1.88416e-21 8.43041e-24
56 1.88435e-21 8.28069e-24
57 1.88588e-21 8.27716e-24
58 1.8839e-21 8.37114e-24
59 1.88243e-21 8.35813e-24
60 1.88306e-21 8.24178e-24
61 1.88207e-21 8.16506e-24
62 1.88289e-21 8.07404e-24
63 1.88367e-21 7.98236e-24
64 1.88538e-21 8.04054e-24
65 1.88363e-21 8.10527e-24
66 1.88267e-21 8.03926e-24
67 1.88313e-21 7.93176e-24
68 1.88526e-21 8.0974e-24
69 1.88308e-21 8.27102e-24
70 1.88365e-21 8.17196e-24
71 1.88457e-21 8.10858e-24
72 1.88451e-21 7.99538e-24
73 1.88361e-21 7.937e-24
74 1.88431e-21 7.86028e-24
75 1.885e-21 7.78589e-24
76 1.88414e-21 7.73086e-24
77 1.88473e-21 7.65231e-24
78 1.88481e-21 7.55402e-24
79 1.88439e-21 7.46983e-24
80 1.8841e-21 7.38147e-24
81 1.88346e-21 7.3175e-24
82 1.88374e-21 7.2328e-24
83 1.8831e-21 7.17337e-24
84 1.88463e-21 7.2511e-24
85 1.88445e-21 7.16749e-24
86 1.88389e-21 7.10633e-24
87 1.88326e-21 7.05194e-24
88 1.88348e-21 6.97476e-24
89 1.88381e-21 6.90394e-24
90 1.88371e-21 6.82752e-24
91 1.88365e-21 6.75232e-24
92 1.88422e-21 6.7021e-24
93 1.8833e-21 6.69237e-24
94 1.88244e-21 6.67656e-24
95 1.88334e-21 6.66736e-24
96 1.88335e-21 6.59755e-24
97 1.88369e-21 6.53822e-24
98 1.8851e-21 6.62398e-24
99 1.88435e-21 6.60032e-24
100 1.88336e-21 6.60857e-24
