1 -1.12796e-20 0
2 -1.11994e-20 8.01282e-23
3 -1.11487e-20 6.86911e-23
4 -1.1154e-20 4.88686e-23
5 -1.11239e-20 4.83791e-23
6 -1.11144e-20 4.06261e-23
7 -1.1125e-20 3.59421e-23
8 -1.11368e-20 3.32877e-23
9 -1.11408e-20 2.96191e-23
10 -1.11334e-20 2.75027e-23
11 -1.11223e-20 2.72244e-23
12 -1.11289e-20 2.57084e-23
13 -1.11321e-20 2.38615e-23
14 -1.1132e-20 2.20916e-23
15 -1.11361e-20 2.09669e-23
16 -1.11342e-20 1.97011e-23
17 -1.11312e-20 1.87552e-23
18 -1.11301e-20 1.77156e-23
19 -1.11283e-20 1.68534e-23
20 -1.11269e-20 1.6053e-23
21 -1.1129e-20 1.54202e-23
22 -1.11296e-20 1.47136e-23
23 -1.11276e-20 1.41983e-23
24 -1.11295e-20 1.37254e-23
25 -1.11359e-20 1.46644e-23
26 -1.11333e-20 1.43329e-23
27 -1.1135e-20 1.38897e-23
28 -1.11359e-20 1.34205e-23
29 -1.11353e-20 1.2966e-23
30 -1.11333e-20 1.26877e-23
31 -1.11326e-20 1.22901e-23
32 -1.11335e-20 1.19339e-23
33 -1.11323e-20 1.16253e-23
34 -1.11299e-20 1.15281e-23
35 -1.11306e-20 1.12153e-23
36 -1.11316e-20 1.09461e-23
37 -1.11303e-20 1.07316e-23
38 -1.11302e-20 1.04463e-23
39 -1.1133e-20 1.05569e-23
40 -1.11333e-20 1.02955e-23
41 -1.11329e-20 1.00489e-23
42 -1.11311e-20 9.98338e-24
43 -1.11319e-20 9.78724e-24
44 -1.11341e-20 9.81437e-24
45 -1.1133e-20 9.6569e-24
46 -1.11339e-20 9.47946e-24
47 -1.1133e-20 9.31691e-24
48 -1.11314e-20 9.25919e-24
49 -1.11321e-20 9.09495e-24
50 -1.11349e-20 9.3609e-24
51 -1.11349e-20 9.17581e-24
52 -1.11336e-20 9.09002e-24
53 -1.11341e-20 8.93347e-24
54 -1.11339e-20 8.76959e-24
55 -1.11346e-20 8.63553e-24
56 -1.11349e-20 8.48636e-24
57 -1.11365e-20 8.48627e-24
58 -1.11345e-20 8.58008e-24
59 -1.1133e-20 8.56203e-24
60 -1.11336e-20 8.44378e-24
61 -1.11327e-20 8.35897e-24
62 -1.11336e-20 8.27418e-24
63 -1.11345e-20 8.18746e-24
64 -1.11362e-20 8.24e-24
65 -1.11344e-20 8.29959e-24
66 -1.11335e-20 8.23121e-24
67 -1.11339e-20 8.12044e-24
68 -1.1136e-20 8.26388e-24
69 -1.11338e-20 8.42681e-24
70 -1.11344e-20 8.32836e-24
71 -1.11353e-20 8.25756e-24
72 -1.11352e-20 8.14254e-24
73 -1.11343e-20 8.0827e-24
74 -1.11351e-20 8.00918e-24
75 -1.11358e-20 7.93272e-24
76 -1.11349e-20 7.87488e-24
77 -1.11355e-20 7.79551e-24
78 -1.11356e-20 7.69507e-24
79 -1.11351e-20 7.6096e-24
80 -1.11348e-20 7.52112e-24
81 -1.11342e-20 7.45143e-24
82 -1.11344e-20 7.36282e-24
83 -1.11338e-20 7.29722e-24
84 -1.11354e-20 7.37782e-24
85 -1.11352e-20 7.29278e-24
86 -1.11346e-20 7.23108e-24
87 -1.11341e-20 7.16865e-24
88 -1.11343e-20 7.09007e-24
89 -1.11346e-20 7.01696e-24
90 -1.11345e-20 6.93945e-24
91 -1.11344e-20 6.86308e-24
92 -1.1135e-20 6.81522e-24
93 -1.11341e-20 6.81185e-24
94 -1.11332e-20 6.79143e-24
95 -1.11341e-20 6.78146e-24
96 -1.11342e-20 6.71094e-24
97 -1.11347e-20 6.65729e-24
98 -1.11361e-20 6.74841e-24
99 -1.11354e-20 6.72391e-24
100 -1.11344e-20 6.73107e-24
