1 2.35804e+06 0
2 2.30719e+06 50847
3 2.30406e+06 29523.3
4 2.31336e+06 22855.5
5 2.35446e+06 44749.5
6 2.38491e+06 47565.2
7 2.36213e+06 46206.5
8 2.33451e+06 48625.8
9 2.29633e+06 57417.3
10 2.25291e+06 67250.3
11 2.25554e+06 60887
12 2.25544e+06 55582
13 2.27611e+06 55145.7
14 2.30269e+06 57562.2
15 2.33325e+06 61685.5
16 2.3751e+06 71282.5
17 2.38921e+06 68429.1
18 2.38712e+06 64549.6
19 2.38239e+06 61240.1
20 2.40523e+06 62423
21 2.4208e+06 61383.8
22 2.4243e+06 58631.8
23 2.41972e+06 56211.4
24 2.4133e+06 54200.2
25 2.39618e+06 54733.3
26 2.37332e+06 57339.7
27 2.349e+06 60296.8
28 2.32965e+06 61240.6
29 2.31739e+06 60349.6
30 2.30826e+06 59014.1
31 2.30555e+06 57142.8
32 2.30359e+06 55362.9
33 2.30125e+06 53710
34 2.29645e+06 52327.6
35 2.29104e+06 51097.1
36 2.2866e+06 49855.5
37 2.29535e+06 49272.5
38 2.31622e+06 52302.8
39 2.33229e+06 53416.9
40 2.33622e+06 52212.7
41 2.33474e+06 50945
42 2.32524e+06 50617.1
43 2.31458e+06 50560.8
44 2.30828e+06 49798.9
45 2.31494e+06 49133.2
46 2.32607e+06 49324.6
47 2.3278e+06 48294.9
48 2.32564e+06 47327.4
49 2.32107e+06 46576.3
50 2.31497e+06 46040.6
51 2.31297e+06 45173.4
52 2.31795e+06 44575.2
53 2.32895e+06 45088.5
54 2.33281e+06 44414.3
55 2.32934e+06 43737.2
56 2.32928e+06 42949.1
57 2.33482e+06 42551.2
58 2.3343e+06 41814.3
59 2.32552e+06 42027.7
60 2.3257e+06 41321.7
61 2.32729e+06 40669.7
62 2.31756e+06 41175.1
63 2.32058e+06 40629.2
64 2.33743e+06 43391.9
65 2.34303e+06 43084.8
66 2.34747e+06 42658.5
67 2.34085e+06 42535.3
68 2.33572e+06 42218
69 2.33796e+06 41662
70 2.34132e+06 41200.2
71 2.34004e+06 40636.2
72 2.33898e+06 40081.6
73 2.34095e+06 39577.6
74 2.34457e+06 39206.1
75 2.34685e+06 38747.3
76 2.34817e+06 38256.7
77 2.34499e+06 37889.7
78 2.34382e+06 37419.1
79 2.33983e+06 37156.9
80 2.33831e+06 36721.1
81 2.34054e+06 36333.4
82 2.33829e+06 35958.3
83 2.33417e+06 35760.4
84 2.33237e+06 35377.8
85 2.33426e+06 35010.2
86 2.33989e+06 35056.3
87 2.33981e+06 34651.2
88 2.33881e+06 34269.7
89 2.33874e+06 33882.6
90 2.34172e+06 33635.7
91 2.34406e+06 33346.3
92 2.34711e+06 33122.6
93 2.35089e+06 32982.3
94 2.34979e+06 32648.2
95 2.34872e+06 32320.6
96 2.34903e+06 31983.7
97 2.34956e+06 31656.7
98 2.34948e+06 31332.1
99 2.34771e+06 31064.5
100 2.34599e+06 30800.2
