1 3.04124e-21 0
2 3.04151e-21 2.6722e-25
3 3.04154e-21 1.58784e-25
4 3.04157e-21 1.16303e-25
5 3.04171e-21 1.60328e-25
6 3.04163e-21 1.51294e-25
7 3.04162e-21 1.28897e-25
8 3.04162e-21 1.11953e-25
9 3.04158e-21 1.08412e-25
10 3.0416e-21 9.87984e-26
11 3.04159e-21 9.01285e-26
12 3.04153e-21 9.81996e-26
13 3.04154e-21 9.04553e-26
14 3.0415e-21 9.20508e-26
15 3.04152e-21 8.73603e-26
16 3.04154e-21 8.4469e-26
17 3.04148e-21 9.90503e-26
18 3.04152e-21 1.04013e-25
19 3.04151e-21 9.94875e-26
20 3.04156e-21 1.09212e-25
21 3.04154e-21 1.05979e-25
22 3.04156e-21 1.02087e-25
23 3.04158e-21 9.93607e-26
24 3.0416e-21 9.70855e-26
25 3.0416e-21 9.31332e-26
26 3.0416e-21 8.96562e-26
27 3.0416e-21 8.62777e-26
28 3.04161e-21 8.31654e-26
29 3.0416e-21 8.02934e-26
30 3.04161e-21 7.79948e-26
31 3.04159e-21 7.95843e-26
32 3.04159e-21 7.7187e-26
33 3.04157e-21 7.66361e-26
34 3.04157e-21 7.43621e-26
35 3.04157e-21 7.25472e-26
36 3.04156e-21 7.05182e-26
37 3.04158e-21 7.13457e-26
38 3.0416e-21 7.07811e-26
39 3.04158e-21 7.06507e-26
40 3.04159e-21 6.93292e-26
41 3.04159e-21 6.76544e-26
42 3.04159e-21 6.60464e-26
43 3.04161e-21 6.54846e-26
44 3.04162e-21 6.56112e-26
45 3.04164e-21 6.72536e-26
46 3.04164e-21 6.57922e-26
47 3.04163e-21 6.58316e-26
48 3.04164e-21 6.50935e-26
49 3.04163e-21 6.38335e-26
50 3.04164e-21 6.26539e-26
51 3.04164e-21 6.14386e-26
52 3.04166e-21 6.33511e-26
53 3.04166e-21 6.21449e-26
54 3.04165e-21 6.14725e-26
55 3.04165e-21 6.03617e-26
56 3.04167e-21 6.28976e-26
57 3.04167e-21 6.18109e-26
58 3.04166e-21 6.13907e-26
59 3.04166e-21 6.064e-26
60 3.0417e-21 7.3119e-26
61 3.04165e-21 8.52678e-26
62 3.04164e-21 8.44825e-26
63 3.04168e-21 8.92696e-26
64 3.04165e-21 9.05094e-26
65 3.04164e-21 9.00889e-26
66 3.04163e-21 8.90236e-26
67 3.04162e-21 8.86981e-26
68 3.04162e-21 8.74481e-26
69 3.04162e-21 8.61776e-26
70 3.04161e-21 8.56472e-26
71 3.0416e-21 8.52516e-26
72 3.0416e-21 8.40826e-26
73 3.0416e-21 8.29235e-26
74 3.04161e-21 8.21262e-26
75 3.0416e-21 8.13697e-26
76 3.04159e-21 8.11486e-26
77 3.04159e-21 8.01433e-26
78 3.04158e-21 7.92557e-26
79 3.04158e-21 7.85378e-26
80 3.04159e-21 7.83e-26
81 3.04158e-21 7.79354e-26
82 3.04157e-21 7.71801e-26
83 3.04157e-21 7.6246e-26
84 3.04158e-21 7.54075e-26
85 3.04158e-21 7.45157e-26
86 3.04158e-21 7.366e-26
87 3.04157e-21 7.36971e-26
88 3.04156e-21 7.29344e-26
89 3.04156e-21 7.21506e-26
90 3.04157e-21 7.15265e-26
91 3.04155e-21 7.20269e-26
92 3.04155e-21 7.12481e-26
93 3.04155e-21 7.07866e-26
94 3.04154e-21 7.0255e-26
95 3.04155e-21 6.98895e-26
96 3.04154e-21 6.93269e-26
97 3.04155e-21 6.87041e-26
98 3.04154e-21 6.8076e-26
99 3.04155e-21 6.74091e-26
100 3.04154e-21 6.69522e-26
