1 189.336 0
2 189.343 0.00676269
3 189.287 0.0557809
4 189.294 0.0400525
5 188.889 0.406219
6 188.436 0.561085
7 188.359 0.480519
8 188.26 0.427739
9 188.259 0.377232
10 188.41 0.369667
11 188.305 0.350318
12 188.535 0.393493
13 188.797 0.447114
14 189.147 0.542365
15 189.526 0.631094
16 189.744 0.629217
17 190.074 0.676996
18 190.332 0.688498
19 190.612 0.70888
20 190.675 0.675413
21 190.736 0.645388
22 190.76 0.615802
23 190.715 0.590098
24 190.552 0.588121
25 190.378 0.590401
26 190.185 0.599018
27 189.991 0.608238
28 189.802 0.615734
29 189.625 0.620107
30 189.446 0.625237
31 189.316 0.618439
32 189.268 0.60071
33 189.251 0.582466
34 189.292 0.566532
35 189.372 0.555849
36 189.478 0.550576
37 189.539 0.538965
38 189.538 0.524593
39 189.551 0.511138
40 189.608 0.501435
41 189.64 0.490125
42 189.702 0.482324
43 189.737 0.472214
44 189.742 0.461392
45 189.681 0.45517
46 189.58 0.456464
47 189.543 0.448175
48 189.522 0.439254
49 189.512 0.430318
50 189.504 0.421702
51 189.489 0.413596
52 189.437 0.408966
53 189.319 0.418125
54 189.245 0.416919
55 189.209 0.41082
56 189.139 0.409416
57 189.004 0.424192
58 188.898 0.430133
59 188.848 0.425798
60 188.719 0.437872
61 188.579 0.452783
62 188.582 0.445428
63 188.532 0.44118
64 188.395 0.455306
65 188.374 0.448718
66 188.337 0.443462
67 188.391 0.440102
68 188.444 0.436856
69 188.456 0.430634
70 188.478 0.425025
71 188.556 0.426281
72 188.642 0.429049
73 188.717 0.429601
74 188.77 0.427091
75 188.819 0.424227
76 188.878 0.422733
77 188.961 0.425394
78 189.013 0.423118
79 189.089 0.424583
80 189.145 0.422896
81 189.163 0.418059
82 189.214 0.416009
83 189.268 0.414539
84 189.298 0.410628
85 189.311 0.405994
86 189.292 0.401691
87 189.304 0.397207
88 189.329 0.393508
89 189.356 0.390013
90 189.361 0.385679
91 189.365 0.381445
92 189.39 0.378067
93 189.402 0.374164
94 189.443 0.372427
95 189.466 0.369242
96 189.478 0.365564
97 189.48 0.36178
98 189.469 0.358223
99 189.456 0.354827
100 189.431 0.352132
