1 3.92109e-21 0
2 3.92123e-21 1.40053e-25
3 3.92008e-21 1.15521e-24
4 3.92023e-21 8.29476e-25
5 3.91184e-21 8.41268e-24
6 3.90247e-21 1.16199e-23
7 3.90086e-21 9.95141e-24
8 3.89881e-21 8.85836e-24
9 3.89879e-21 7.81238e-24
10 3.90191e-21 7.6557e-24
11 3.89975e-21 7.255e-24
12 3.9045e-21 8.14914e-24
13 3.90993e-21 9.2596e-24
14 3.91719e-21 1.12322e-23
15 3.92503e-21 1.30698e-23
16 3.92954e-21 1.30309e-23
17 3.93638e-21 1.40204e-23
18 3.94173e-21 1.42586e-23
19 3.94752e-21 1.46807e-23
20 3.94882e-21 1.39876e-23
21 3.9501e-21 1.33658e-23
22 3.95058e-21 1.27531e-23
23 3.94966e-21 1.22208e-23
24 3.94628e-21 1.21798e-23
25 3.94267e-21 1.2227e-23
26 3.93868e-21 1.24055e-23
27 3.93466e-21 1.25965e-23
28 3.93075e-21 1.27517e-23
29 3.92707e-21 1.28422e-23
30 3.92337e-21 1.29485e-23
31 3.92069e-21 1.28077e-23
32 3.9197e-21 1.24405e-23
33 3.91935e-21 1.20627e-23
34 3.92019e-21 1.17327e-23
35 3.92184e-21 1.15115e-23
36 3.92404e-21 1.14023e-23
37 3.92531e-21 1.11618e-23
38 3.92528e-21 1.08642e-23
39 3.92555e-21 1.05855e-23
40 3.92673e-21 1.03846e-23
41 3.9274e-21 1.01503e-23
42 3.92869e-21 9.9888e-24
43 3.9294e-21 9.77942e-24
44 3.92951e-21 9.55531e-24
45 3.92824e-21 9.42644e-24
46 3.92615e-21 9.45324e-24
47 3.92539e-21 9.28158e-24
48 3.92495e-21 9.09682e-24
49 3.92473e-21 8.91177e-24
50 3.92457e-21 8.73332e-24
51 3.92427e-21 8.56545e-24
52 3.92318e-21 8.46957e-24
53 3.92074e-21 8.65925e-24
54 3.91921e-21 8.63428e-24
55 3.91847e-21 8.50798e-24
56 3.91702e-21 8.47889e-24
57 3.91423e-21 8.78491e-24
58 3.91203e-21 8.90793e-24
59 3.91098e-21 8.81815e-24
60 3.90833e-21 9.0682e-24
61 3.90543e-21 9.37702e-24
62 3.90548e-21 9.2247e-24
63 3.90444e-21 9.13672e-24
64 3.90161e-21 9.42927e-24
65 3.90118e-21 9.29283e-24
66 3.9004e-21 9.18397e-24
67 3.90152e-21 9.1144e-24
68 3.90262e-21 9.04717e-24
69 3.90286e-21 8.91831e-24
70 3.90333e-21 8.80215e-24
71 3.90495e-21 8.82816e-24
72 3.90673e-21 8.88549e-24
73 3.90827e-21 8.89693e-24
74 3.90938e-21 8.84494e-24
75 3.9104e-21 8.78563e-24
76 3.91162e-21 8.75469e-24
77 3.91334e-21 8.80979e-24
78 3.91441e-21 8.76266e-24
79 3.91599e-21 8.793e-24
80 3.91714e-21 8.75806e-24
81 3.91752e-21 8.65789e-24
82 3.91857e-21 8.61543e-24
83 3.91969e-21 8.58499e-24
84 3.9203e-21 8.50398e-24
85 3.92058e-21 8.40803e-24
86 3.92019e-21 8.31892e-24
87 3.92043e-21 8.22606e-24
88 3.92096e-21 8.14945e-24
89 3.92152e-21 8.07706e-24
90 3.92161e-21 7.9873e-24
91 3.92171e-21 7.89961e-24
92 3.92221e-21 7.82966e-24
93 3.92245e-21 7.74884e-24
94 3.9233e-21 7.71286e-24
95 3.92379e-21 7.6469e-24
96 3.92404e-21 7.57072e-24
97 3.92407e-21 7.49236e-24
98 3.92386e-21 7.41871e-24
99 3.92359e-21 7.34838e-24
100 3.92307e-21 7.29255e-24
