1 -8.79854e-22 0
2 -8.79727e-22 1.27167e-25
3 -8.78537e-22 1.19219e-24
4 -8.78651e-22 8.50653e-25
5 -8.7013e-22 8.54617e-24
6 -8.60834e-22 1.16239e-23
7 -8.59242e-22 9.95214e-24
8 -8.57185e-22 8.86096e-24
9 -8.57207e-22 7.81466e-24
10 -8.60316e-22 7.64985e-24
11 -8.58164e-22 7.24647e-24
12 -8.62966e-22 8.17419e-24
13 -8.68397e-22 9.27548e-24
14 -8.75692e-22 1.12682e-23
15 -8.83516e-22 1.30864e-23
16 -8.88005e-22 1.30381e-23
17 -8.94901e-22 1.40553e-23
18 -9.00201e-22 1.42721e-23
19 -9.06014e-22 1.46982e-23
20 -9.07256e-22 1.39992e-23
21 -9.08552e-22 1.33788e-23
22 -9.09024e-22 1.27649e-23
23 -9.08084e-22 1.22334e-23
24 -9.04681e-22 1.21969e-23
25 -9.01071e-22 1.22431e-23
26 -8.97078e-22 1.24219e-23
27 -8.93056e-22 1.26118e-23
28 -8.89146e-22 1.27664e-23
29 -8.8547e-22 1.2855e-23
30 -8.81756e-22 1.29627e-23
31 -8.791e-22 1.28158e-23
32 -8.78104e-22 1.24487e-23
33 -8.77772e-22 1.20702e-23
34 -8.78615e-22 1.17401e-23
35 -8.80272e-22 1.15195e-23
36 -8.82478e-22 1.14102e-23
37 -8.83724e-22 1.11673e-23
38 -8.83678e-22 1.08696e-23
39 -8.83969e-22 1.05912e-23
40 -8.85139e-22 1.03891e-23
41 -8.85808e-22 1.01546e-23
42 -8.87092e-22 9.99273e-24
43 -8.87789e-22 9.78244e-24
44 -8.87893e-22 9.55809e-24
45 -8.86603e-22 9.43188e-24
46 -8.84511e-22 9.45876e-24
47 -8.83759e-22 9.28583e-24
48 -8.83309e-22 9.10143e-24
49 -8.831e-22 8.9162e-24
50 -8.82929e-22 8.73774e-24
51 -8.82632e-22 8.56984e-24
52 -8.81522e-22 8.47638e-24
53 -8.79082e-22 8.66558e-24
54 -8.77558e-22 8.63903e-24
55 -8.76821e-22 8.51249e-24
56 -8.75354e-22 8.48688e-24
57 -8.72558e-22 8.79292e-24
58 -8.70368e-22 8.91336e-24
59 -8.69326e-22 8.82274e-24
60 -8.66625e-22 9.085e-24
61 -8.63774e-22 9.3787e-24
62 -8.6384e-22 9.22642e-24
63 -8.62765e-22 9.14217e-24
64 -8.59951e-22 9.42788e-24
65 -8.59539e-22 9.29087e-24
66 -8.58768e-22 9.18142e-24
67 -8.59897e-22 9.11355e-24
68 -8.60999e-22 9.04593e-24
69 -8.6124e-22 8.91712e-24
70 -8.61714e-22 8.80156e-24
71 -8.63351e-22 8.82977e-24
72 -8.65136e-22 8.88744e-24
73 -8.66675e-22 8.89888e-24
74 -8.6777e-22 8.84594e-24
75 -8.68798e-22 8.78748e-24
76 -8.7003e-22 8.75815e-24
77 -8.71747e-22 8.81255e-24
78 -8.7283e-22 8.76595e-24
79 -8.7441e-22 8.79742e-24
80 -8.75548e-22 8.76097e-24
81 -8.75944e-22 8.6612e-24
82 -8.76996e-22 8.61935e-24
83 -8.78121e-22 8.5889e-24
84 -8.78727e-22 8.50759e-24
85 -8.79007e-22 8.41158e-24
86 -8.78614e-22 8.3225e-24
87 -8.78859e-22 8.22993e-24
88 -8.79395e-22 8.15349e-24
89 -8.79961e-22 8.08121e-24
90 -8.80044e-22 7.99135e-24
91 -8.80153e-22 7.9038e-24
92 -8.80658e-22 7.83372e-24
93 -8.80908e-22 7.75306e-24
94 -8.81763e-22 7.71763e-24
95 -8.82245e-22 7.65115e-24
96 -8.82493e-22 7.57508e-24
97 -8.82527e-22 7.49666e-24
98 -8.82312e-22 7.42287e-24
99 -8.8204e-22 7.35256e-24
100 -8.81533e-22 7.2963e-24
