1 144.492 0
2 150.124 5.6322
3 148.188 3.78469
4 145.161 4.04048
5 145.211 3.13014
6 147.354 3.33549
7 147.874 2.86656
8 148.193 2.50298
9 148.782 2.28456
10 150.063 2.41206
11 150.407 2.20871
12 149.752 2.12
13 148.759 2.18833
14 148.177 2.10794
15 147.24 2.17496
16 147.002 2.04836
17 147.088 1.92603
18 147.274 1.82539
19 147.232 1.72715
20 147.071 1.64642
21 147.367 1.59374
22 147.262 1.5232
23 146.991 1.48037
24 146.432 1.52382
25 146.665 1.48014
26 146.662 1.42208
27 146.584 1.37061
28 146.827 1.34291
29 146.778 1.29672
30 146.663 1.25798
31 146.315 1.26563
32 146.315 1.22545
33 146.473 1.19814
34 146.483 1.16241
35 146.458 1.129
36 146.424 1.09772
37 146.641 1.08955
38 146.769 1.06825
39 146.767 1.0405
40 146.563 1.03446
41 146.697 1.01779
42 146.89 1.01167
43 146.907 0.988022
44 146.858 0.966557
45 146.756 0.950374
46 146.631 0.937827
47 146.716 0.92159
48 146.825 0.9088
49 146.75 0.893224
50 146.437 0.929386
51 146.37 0.913484
52 146.417 0.896996
53 146.548 0.8896
54 146.727 0.891066
55 146.7 0.875128
56 146.891 0.880322
57 146.919 0.865196
58 146.831 0.854678
59 146.808 0.840373
60 146.72 0.830972
61 146.649 0.820333
62 146.587 0.809342
63 146.632 0.797638
64 146.679 0.786494
65 146.72 0.775401
66 146.847 0.773997
67 146.93 0.766844
68 146.917 0.755591
69 146.842 0.74836
70 146.806 0.738433
71 146.796 0.728029
72 146.841 0.719266
73 146.82 0.709665
74 146.98 0.718081
75 147.09 0.716922
76 147.04 0.709193
77 146.931 0.708377
78 146.78 0.715425
79 146.764 0.706478
80 146.682 0.702385
81 146.624 0.696068
82 146.552 0.69138
83 146.527 0.683456
84 146.439 0.680886
85 146.417 0.673189
86 146.37 0.666989
87 146.298 0.66319
88 146.234 0.658766
89 146.135 0.65879
90 146.225 0.657707
91 146.279 0.652657
92 146.327 0.647308
93 146.415 0.646249
94 146.633 0.675717
95 146.8 0.689112
96 146.851 0.683807
97 146.878 0.677243
98 146.979 0.677823
99 146.977 0.670944
100 147.026 0.666046
