1 2.99239e-21 0
2 3.10903e-21 1.16641e-22
3 3.06893e-21 7.83799e-23
4 3.00624e-21 8.36773e-23
5 3.00727e-21 6.48244e-23
6 3.05166e-21 6.90771e-23
7 3.06243e-21 5.93657e-23
8 3.06904e-21 5.1836e-23
9 3.08123e-21 4.73126e-23
10 3.10777e-21 4.99531e-23
11 3.11489e-21 4.57419e-23
12 3.10133e-21 4.39046e-23
13 3.08077e-21 4.53197e-23
14 3.06871e-21 4.36548e-23
15 3.04929e-21 4.50429e-23
16 3.04436e-21 4.2421e-23
17 3.04615e-21 3.98875e-23
18 3.05e-21 3.78033e-23
19 3.04914e-21 3.57687e-23
20 3.0458e-21 3.40969e-23
21 3.05193e-21 3.3006e-23
22 3.04975e-21 3.15451e-23
23 3.04415e-21 3.0658e-23
24 3.03256e-21 3.15579e-23
25 3.0374e-21 3.06533e-23
26 3.03733e-21 2.94509e-23
27 3.03572e-21 2.83851e-23
28 3.04075e-21 2.78113e-23
29 3.03972e-21 2.68548e-23
30 3.03735e-21 2.60523e-23
31 3.03013e-21 2.62109e-23
32 3.03015e-21 2.53786e-23
33 3.03342e-21 2.48132e-23
34 3.03362e-21 2.40733e-23
35 3.0331e-21 2.33813e-23
36 3.03239e-21 2.27334e-23
37 3.03689e-21 2.25642e-23
38 3.03956e-21 2.21231e-23
39 3.03951e-21 2.15484e-23
40 3.03529e-21 2.14234e-23
41 3.03806e-21 2.10781e-23
42 3.04204e-21 2.09514e-23
43 3.04241e-21 2.04617e-23
44 3.04139e-21 2.00171e-23
45 3.03927e-21 1.9682e-23
46 3.03668e-21 1.94221e-23
47 3.03845e-21 1.90859e-23
48 3.04071e-21 1.8821e-23
49 3.03916e-21 1.84984e-23
50 3.03268e-21 1.92473e-23
51 3.03128e-21 1.8918e-23
52 3.03226e-21 1.85766e-23
53 3.03497e-21 1.84234e-23
54 3.03867e-21 1.84537e-23
55 3.03812e-21 1.81237e-23
56 3.04207e-21 1.82312e-23
57 3.04265e-21 1.7918e-23
58 3.04083e-21 1.77002e-23
59 3.04036e-21 1.74039e-23
60 3.03853e-21 1.72092e-23
61 3.03706e-21 1.69889e-23
62 3.03578e-21 1.67613e-23
63 3.0367e-21 1.65189e-23
64 3.03768e-21 1.62881e-23
65 3.03854e-21 1.60583e-23
66 3.04116e-21 1.60293e-23
67 3.04288e-21 1.58811e-23
68 3.04261e-21 1.56481e-23
69 3.04105e-21 1.54983e-23
70 3.04032e-21 1.52927e-23
71 3.04011e-21 1.50773e-23
72 3.04104e-21 1.48958e-23
73 3.0406e-21 1.4697e-23
74 3.04392e-21 1.48713e-23
75 3.04619e-21 1.48473e-23
76 3.04516e-21 1.46872e-23
77 3.0429e-21 1.46703e-23
78 3.03976e-21 1.48163e-23
79 3.03945e-21 1.4631e-23
80 3.03775e-21 1.45462e-23
81 3.03655e-21 1.44154e-23
82 3.03504e-21 1.43183e-23
83 3.03453e-21 1.41542e-23
84 3.03272e-21 1.4101e-23
85 3.03226e-21 1.39416e-23
86 3.03128e-21 1.38132e-23
87 3.02979e-21 1.37345e-23
88 3.02846e-21 1.36429e-23
89 3.02641e-21 1.36434e-23
90 3.02829e-21 1.36209e-23
91 3.0294e-21 1.35164e-23
92 3.0304e-21 1.34056e-23
93 3.03221e-21 1.33836e-23
94 3.03674e-21 1.39939e-23
95 3.0402e-21 1.42713e-23
96 3.04125e-21 1.41615e-23
97 3.0418e-21 1.40255e-23
98 3.04389e-21 1.40375e-23
99 3.04385e-21 1.38951e-23
100 3.04488e-21 1.37936e-23
