1 -8.73457e-21 0
2 -8.73538e-21 8.13953e-25
3 -8.73385e-21 1.6052e-24
4 -8.73459e-21 1.35731e-24
5 -8.73545e-21 1.35944e-24
6 -8.73566e-21 1.12834e-24
7 -8.7355e-21 9.66022e-25
8 -8.73557e-21 8.39267e-25
9 -8.73587e-21 7.9811e-25
10 -8.73635e-21 8.62756e-25
11 -8.73607e-21 8.2942e-25
12 -8.73588e-21 7.81452e-25
13 -8.73572e-21 7.3678e-25
14 -8.73568e-21 6.83076e-25
15 -8.73544e-21 6.80191e-25
16 -8.7356e-21 6.57577e-25
17 -8.73545e-21 6.37213e-25
18 -8.73545e-21 6.00774e-25
19 -8.73527e-21 5.94137e-25
20 -8.73534e-21 5.67612e-25
21 -8.73539e-21 5.42415e-25
22 -8.73544e-21 5.19314e-25
23 -8.73528e-21 5.20109e-25
24 -8.7351e-21 5.31927e-25
25 -8.73495e-21 5.29344e-25
26 -8.7347e-21 5.69771e-25
27 -8.73459e-21 5.58615e-25
28 -8.7344e-21 5.71026e-25
29 -8.73434e-21 5.53796e-25
30 -8.73427e-21 5.39681e-25
31 -8.73426e-21 5.22083e-25
32 -8.73412e-21 5.2435e-25
33 -8.73408e-21 5.10065e-25
34 -8.734e-21 5.01326e-25
35 -8.73395e-21 4.89033e-25
36 -8.73406e-21 4.8811e-25
37 -8.73419e-21 4.91651e-25
38 -8.73438e-21 5.13214e-25
39 -8.73436e-21 5.00176e-25
40 -8.73459e-21 5.40466e-25
41 -8.73488e-21 5.98716e-25
42 -8.73496e-21 5.89683e-25
43 -8.73508e-21 5.88791e-25
44 -8.73509e-21 5.75394e-25
45 -8.7351e-21 5.62538e-25
46 -8.73502e-21 5.56053e-25
47 -8.73511e-21 5.52087e-25
48 -8.73531e-21 5.74692e-25
49 -8.73542e-21 5.73971e-25
50 -8.73546e-21 5.6352e-25
51 -8.7356e-21 5.70663e-25
52 -8.73577e-21 5.83413e-25
53 -8.736e-21 6.17952e-25
54 -8.73608e-21 6.12229e-25
55 -8.73605e-21 6.01741e-25
56 -8.73614e-21 5.97624e-25
57 -8.73608e-21 5.90423e-25
58 -8.73611e-21 5.80765e-25
59 -8.73605e-21 5.73731e-25
60 -8.73611e-21 5.67447e-25
61 -8.73622e-21 5.68173e-25
62 -8.73637e-21 5.77878e-25
63 -8.73652e-21 5.90052e-25
64 -8.7366e-21 5.86567e-25
65 -8.73661e-21 5.77533e-25
66 -8.73664e-21 5.69346e-25
67 -8.73667e-21 5.6185e-25
68 -8.73673e-21 5.56519e-25
69 -8.7368e-21 5.52377e-25
70 -8.73688e-21 5.50159e-25
71 -8.73689e-21 5.42431e-25
72 -8.73696e-21 5.39441e-25
73 -8.73694e-21 5.32175e-25
74 -8.73697e-21 5.25624e-25
75 -8.73688e-21 5.25609e-25
76 -8.7369e-21 5.18991e-25
77 -8.73688e-21 5.12609e-25
78 -8.73691e-21 5.06547e-25
79 -8.7369e-21 5.00206e-25
80 -8.73687e-21 4.94858e-25
81 -8.73682e-21 4.90951e-25
82 -8.7369e-21 4.91762e-25
83 -8.73697e-21 4.9027e-25
84 -8.73699e-21 4.85178e-25
85 -8.73698e-21 4.79653e-25
86 -8.73695e-21 4.75e-25
87 -8.73684e-21 4.81149e-25
88 -8.73678e-21 4.79561e-25
89 -8.7368e-21 4.74435e-25
90 -8.73686e-21 4.73429e-25
91 -8.73685e-21 4.68491e-25
92 -8.73689e-21 4.65255e-25
93 -8.73696e-21 4.65342e-25
94 -8.73709e-21 4.79559e-25
95 -8.73714e-21 4.76654e-25
96 -8.73717e-21 4.72638e-25
97 -8.73724e-21 4.72559e-25
98 -8.7372e-21 4.6915e-25
99 -8.73718e-21 4.6484e-25
100 -8.73718e-21 4.60171e-25
