1 -1.1727e-20 0
2 -1.18444e-20 1.17455e-22
3 -1.18028e-20 7.95763e-23
4 -1.17408e-20 8.36876e-23
5 -1.17427e-20 6.48519e-23
6 -1.17873e-20 6.92247e-23
7 -1.17979e-20 5.94606e-23
8 -1.18046e-20 5.19261e-23
9 -1.18171e-20 4.7467e-23
10 -1.18441e-20 5.03287e-23
11 -1.1851e-20 4.60349e-23
12 -1.18372e-20 4.42189e-23
13 -1.18165e-20 4.56507e-23
14 -1.18044e-20 4.39593e-23
15 -1.17847e-20 4.54028e-23
16 -1.178e-20 4.27366e-23
17 -1.17816e-20 4.0177e-23
18 -1.17854e-20 3.80746e-23
19 -1.17844e-20 3.60299e-23
20 -1.17811e-20 3.4337e-23
21 -1.17873e-20 3.32401e-23
22 -1.17852e-20 3.17646e-23
23 -1.17794e-20 3.08929e-23
24 -1.17677e-20 3.18359e-23
25 -1.17724e-20 3.08949e-23
26 -1.1772e-20 2.96846e-23
27 -1.17703e-20 2.86159e-23
28 -1.17751e-20 2.79966e-23
29 -1.17741e-20 2.70356e-23
30 -1.17716e-20 2.62328e-23
31 -1.17644e-20 2.63816e-23
32 -1.17643e-20 2.55441e-23
33 -1.17675e-20 2.49666e-23
34 -1.17676e-20 2.42215e-23
35 -1.1767e-20 2.35263e-23
36 -1.17665e-20 2.28711e-23
37 -1.17711e-20 2.27211e-23
38 -1.17739e-20 2.22977e-23
39 -1.17739e-20 2.17185e-23
40 -1.17699e-20 2.15415e-23
41 -1.17729e-20 2.12313e-23
42 -1.1777e-20 2.11134e-23
43 -1.17775e-20 2.06224e-23
44 -1.17765e-20 2.01733e-23
45 -1.17744e-20 1.98328e-23
46 -1.17717e-20 1.95791e-23
47 -1.17736e-20 1.92477e-23
48 -1.1776e-20 1.90025e-23
49 -1.17746e-20 1.86666e-23
50 -1.17681e-20 1.93906e-23
51 -1.17669e-20 1.90481e-23
52 -1.1768e-20 1.87133e-23
53 -1.1771e-20 1.85915e-23
54 -1.17748e-20 1.86324e-23
55 -1.17742e-20 1.82999e-23
56 -1.17782e-20 1.84196e-23
57 -1.17787e-20 1.8101e-23
58 -1.17769e-20 1.78764e-23
59 -1.17764e-20 1.75787e-23
60 -1.17746e-20 1.73737e-23
61 -1.17733e-20 1.71412e-23
62 -1.17721e-20 1.69002e-23
63 -1.17732e-20 1.66649e-23
64 -1.17743e-20 1.64366e-23
65 -1.17751e-20 1.62048e-23
66 -1.17778e-20 1.6176e-23
67 -1.17795e-20 1.60285e-23
68 -1.17793e-20 1.57924e-23
69 -1.17778e-20 1.56334e-23
70 -1.17772e-20 1.54221e-23
71 -1.1777e-20 1.52047e-23
72 -1.1778e-20 1.50257e-23
73 -1.17775e-20 1.48255e-23
74 -1.17809e-20 1.50008e-23
75 -1.17831e-20 1.49608e-23
76 -1.17821e-20 1.47976e-23
77 -1.17798e-20 1.47811e-23
78 -1.17767e-20 1.49183e-23
79 -1.17763e-20 1.47319e-23
80 -1.17746e-20 1.46487e-23
81 -1.17734e-20 1.45202e-23
82 -1.17719e-20 1.4413e-23
83 -1.17715e-20 1.42454e-23
84 -1.17697e-20 1.41869e-23
85 -1.17692e-20 1.40269e-23
86 -1.17682e-20 1.38994e-23
87 -1.17666e-20 1.3831e-23
88 -1.17652e-20 1.37439e-23
89 -1.17632e-20 1.37396e-23
90 -1.17652e-20 1.37241e-23
91 -1.17662e-20 1.36167e-23
92 -1.17673e-20 1.35077e-23
93 -1.17692e-20 1.34931e-23
94 -1.17738e-20 1.41402e-23
95 -1.17773e-20 1.44227e-23
96 -1.17784e-20 1.43131e-23
97 -1.1779e-20 1.41783e-23
98 -1.17811e-20 1.41817e-23
99 -1.1781e-20 1.40379e-23
100 -1.17821e-20 1.39347e-23
