1 8.979e+07 0
2 7.46756e+07 1.51143e+07
3 6.82954e+07 1.08099e+07
4 7.0197e+07 7.87676e+06
5 6.84209e+07 6.35456e+06
6 6.64866e+07 5.5373e+06
7 6.71522e+07 4.72696e+06
8 6.60119e+07 4.24952e+06
9 6.43049e+07 4.11815e+06
10 6.24271e+07 4.13442e+06
11 6.18961e+07 3.77724e+06
12 6.40868e+07 4.08518e+06
13 6.63749e+07 4.39966e+06
14 6.78223e+07 4.32281e+06
15 6.90703e+07 4.21337e+06
16 6.9253e+07 3.94548e+06
17 6.93323e+07 3.70698e+06
18 6.9197e+07 3.4976e+06
19 6.9401e+07 3.31468e+06
20 6.97221e+07 3.16093e+06
21 6.94809e+07 3.0163e+06
22 6.99017e+07 2.90655e+06
23 6.99182e+07 2.77736e+06
24 7.07846e+07 2.79668e+06
25 7.09244e+07 2.68613e+06
26 7.10491e+07 2.58376e+06
27 7.11359e+07 2.48774e+06
28 7.033e+07 2.52911e+06
29 7.0096e+07 2.45153e+06
30 7.06145e+07 2.42448e+06
31 7.18173e+07 2.63545e+06
32 7.19901e+07 2.55761e+06
33 7.19153e+07 2.48002e+06
34 7.19816e+07 2.40689e+06
35 7.17255e+07 2.3511e+06
36 7.12701e+07 2.32981e+06
37 7.09875e+07 2.28352e+06
38 7.10269e+07 2.22297e+06
39 7.07974e+07 2.17734e+06
40 7.07745e+07 2.12234e+06
41 7.02488e+07 2.13563e+06
42 6.97824e+07 2.1357e+06
43 6.96842e+07 2.08776e+06
44 6.97059e+07 2.03987e+06
45 6.97058e+07 1.99403e+06
46 6.98449e+07 1.95515e+06
47 6.98393e+07 1.91311e+06
48 6.95104e+07 1.90148e+06
49 6.91676e+07 1.89356e+06
50 6.94355e+07 1.87454e+06
51 6.93859e+07 1.83809e+06
52 6.92687e+07 1.8062e+06
53 6.89448e+07 1.80115e+06
54 6.88249e+07 1.77155e+06
55 6.90094e+07 1.74881e+06
56 6.85982e+07 1.76584e+06
57 6.81148e+07 1.80069e+06
58 6.79957e+07 1.77337e+06
59 6.79552e+07 1.74353e+06
60 6.80174e+07 1.71535e+06
61 6.77566e+07 1.70704e+06
62 6.76556e+07 1.68231e+06
63 6.76779e+07 1.65554e+06
64 6.74357e+07 1.64737e+06
65 6.71145e+07 1.65332e+06
66 6.67999e+07 1.6582e+06
67 6.65036e+07 1.65992e+06
68 6.65108e+07 1.63534e+06
69 6.66486e+07 1.61734e+06
70 6.67605e+07 1.59799e+06
71 6.68089e+07 1.57607e+06
72 6.67724e+07 1.55445e+06
73 6.68002e+07 1.53326e+06
74 6.64995e+07 1.54202e+06
75 6.62058e+07 1.5494e+06
76 6.62755e+07 1.53047e+06
77 6.66474e+07 1.55559e+06
78 6.68759e+07 1.55242e+06
79 6.67529e+07 1.53757e+06
80 6.69721e+07 1.53397e+06
81 6.70432e+07 1.51658e+06
82 6.71689e+07 1.50323e+06
83 6.71381e+07 1.48533e+06
84 6.72533e+07 1.47205e+06
85 6.74287e+07 1.46517e+06
86 6.75559e+07 1.45361e+06
87 6.77238e+07 1.44658e+06
88 6.77106e+07 1.43011e+06
89 6.7728e+07 1.41406e+06
90 6.77492e+07 1.39842e+06
91 6.77708e+07 1.38313e+06
92 6.76712e+07 1.37164e+06
93 6.75692e+07 1.36064e+06
94 6.72904e+07 1.37466e+06
95 6.70374e+07 1.38344e+06
96 6.681e+07 1.38771e+06
97 6.66023e+07 1.38894e+06
98 6.65083e+07 1.37791e+06
99 6.65516e+07 1.36461e+06
100 6.63685e+07 1.36324e+06
